\BOOKMARK [0][-]{chapter.1}{\376\377\005\336\005\344\005\350\005\325\005\331\005\347\005\330\000\040\005\334\005\344\005\350\005\325\005\323\005\347\005\330\000\040\040\023\000\040\005\336\005\341\005\342\000\040\005\324\005\344\005\331\005\352\005\325\005\327\000\040\005\324\005\336\005\334\005\320}{}% 1
\BOOKMARK [1][-]{section*.1}{\376\377\005\344\005\352\005\331\005\327\005\324}{chapter.1}% 2
\BOOKMARK [1][-]{section.1.1}{\376\377\000D\000i\000s\000c\000o\000v\000e\000r\000y\000\040\040\023\000\040\005\326\005\331\005\324\005\325\005\331\000\040\005\324\005\326\005\323\005\336\005\340\005\325\005\331\005\325\005\352\000\040\000A\000I\000\040\005\321\005\320\005\350\005\322\005\325\005\337}{chapter.1}% 3
\BOOKMARK [2][-]{subsection.1.1.1}{\376\377\005\324\005\320\005\336\005\340\005\325\005\352\000\040\005\351\005\334\000\040\005\334\005\351\005\320\005\325\005\334\000\040\005\320\005\352\000\040\005\324\005\351\005\320\005\334\005\325\005\352\000\040\005\324\005\340\005\333\005\325\005\340\005\325\005\352}{section.1.1}% 4
\BOOKMARK [2][-]{subsection.1.1.2}{\376\377\005\336\005\352\005\325\005\323\005\325\005\334\005\325\005\322\005\331\005\331\005\352\000\040\000D\000i\000s\000c\000o\000v\000e\000r\000y}{section.1.1}% 5
\BOOKMARK [2][-]{subsection.1.1.3}{\376\377\005\352\005\331\005\342\005\325\005\323\000\040\005\324\005\336\005\336\005\346\005\320\005\331\005\335}{section.1.1}% 6
\BOOKMARK [1][-]{section.1.2}{\376\377\005\336\000-\000P\000O\000C\000\040\005\334\005\331\005\331\005\346\005\325\005\350\000\040\040\023\000\040\005\324\005\336\005\341\005\342\000\040\005\325\005\320\005\352\005\322\005\350\005\331\005\325}{chapter.1}% 7
\BOOKMARK [2][-]{subsection.1.2.1}{\376\377\000P\000r\000o\000o\000f\000\040\000o\000f\000\040\000C\000o\000n\000c\000e\000p\000t\000\040\000\050\000P\000O\000C\000\051\000\040\040\023\000\040\005\324\005\325\005\333\005\327\005\352\000\040\005\324\005\331\005\352\005\333\005\340\005\325\005\352}{section.1.2}% 8
\BOOKMARK [2][-]{subsection.1.2.2}{\376\377\005\336\000-\000P\000O\000C\000\040\005\334\000-\000P\000i\000l\000o\000t\000\040\040\023\000\040\005\324\005\324\005\350\005\327\005\321\005\324\000\040\005\324\005\336\005\321\005\325\005\347\005\350\005\352}{section.1.2}% 9
\BOOKMARK [2][-]{subsection.1.2.3}{\376\377\005\331\005\331\005\346\005\325\005\350\000\040\000\050\000P\000r\000o\000d\000u\000c\000t\000i\000o\000n\000\051\000\040\040\023\000\040\000"\000G\000o\000\040\000L\000i\000v\000e\000"}{section.1.2}% 10
\BOOKMARK [2][-]{subsection.1.2.4}{\376\377\005\320\005\352\005\322\005\350\005\331\000\040\005\324\005\336\005\342\005\321\005\350\000\040\005\334\005\331\005\331\005\346\005\325\005\350}{section.1.2}% 11
\BOOKMARK [1][-]{section.1.3}{\376\377\005\324\005\350\005\333\005\321\005\352\000\040\005\346\005\325\005\325\005\352\000\040\000A\000I}{chapter.1}% 12
\BOOKMARK [2][-]{subsection.1.3.1}{\376\377\005\352\005\344\005\347\005\331\005\323\005\331\005\335\000\040\005\321\005\346\005\325\005\325\005\352\000\040\000A\000I}{section.1.3}% 13
\BOOKMARK [2][-]{subsection.1.3.2}{\376\377\005\321\005\340\005\331\005\331\005\352\000\040\005\324\005\346\005\325\005\325\005\352\000\040\040\023\000\040\000B\000u\000i\000l\000d\000\040\000v\000s\000\040\000B\000u\000y\000\040\000v\000s\000\040\000P\000a\000r\000t\000n\000e\000r}{section.1.3}% 14
\BOOKMARK [1][-]{section.1.4}{\376\377\005\340\005\331\005\324\005\325\005\334\000\040\005\344\005\350\005\325\005\331\005\347\005\330\000\040\000A\000I\000\040\005\321\005\322\005\331\005\351\005\352\000\040\000A\000g\000i\000l\000e}{chapter.1}% 15
\BOOKMARK [2][-]{subsection.1.4.1}{\376\377\005\334\005\336\005\324\000\040\000A\000g\000i\000l\000e\000\040\005\336\005\352\005\320\005\331\005\335\000\040\005\334\000-\000A\000I\000?}{section.1.4}% 16
\BOOKMARK [2][-]{subsection.1.4.2}{\376\377\005\336\005\321\005\340\005\324\000\040\000S\000p\000r\000i\000n\000t\000\040\005\321\000-\000A\000I\000\040\000P\000r\000o\000j\000e\000c\000t}{section.1.4}% 17
\BOOKMARK [2][-]{subsection.1.4.3}{\376\377\000U\000s\000e\000r\000\040\000S\000t\000o\000r\000i\000e\000s\000\040\005\334\000-\000A\000I}{section.1.4}% 18
\BOOKMARK [2][-]{subsection.1.4.4}{\376\377\000B\000a\000c\000k\000l\000o\000g\000\040\000M\000a\000n\000a\000g\000e\000m\000e\000n\000t}{section.1.4}% 19
\BOOKMARK [1][-]{section.1.5}{\376\377\005\331\005\341\005\325\005\323\005\325\005\352\000\040\000M\000L\000O\000p\000s\000\040\040\023\000\040\005\352\005\327\005\326\005\325\005\347\005\324\000\040\005\325\005\351\005\331\005\344\005\325\005\350\000\040\005\336\005\352\005\336\005\331\005\323}{chapter.1}% 20
\BOOKMARK [2][-]{subsection.1.5.1}{\376\377\005\336\005\324\005\325\000\040\000M\000L\000O\000p\000s\000?}{section.1.5}% 21
\BOOKMARK [2][-]{subsection.1.5.2}{\376\377\000V\000e\000r\000s\000i\000o\000n\000\040\000C\000o\000n\000t\000r\000o\000l\000\040\005\334\005\336\005\342\005\350\005\333\005\325\005\352\000\040\000A\000I}{section.1.5}% 22
\BOOKMARK [2][-]{subsection.1.5.3}{\376\377\000C\000o\000n\000t\000i\000n\000u\000o\000u\000s\000\040\000I\000n\000t\000e\000g\000r\000a\000t\000i\000o\000n\000\040\000/\000\040\000C\000o\000n\000t\000i\000n\000u\000o\000u\000s\000\040\000D\000e\000p\000l\000o\000y\000m\000e\000n\000t\000\040\000\050\000C\000I\000/\000C\000D\000\051}{section.1.5}% 23
\BOOKMARK [2][-]{subsection.1.5.4}{\376\377\000M\000o\000n\000i\000t\000o\000r\000i\000n\000g\000\040\005\325\000-\000L\000o\000g\000g\000i\000n\000g}{section.1.5}% 24
\BOOKMARK [2][-]{subsection.1.5.5}{\376\377\000M\000o\000d\000e\000l\000\040\000D\000r\000i\000f\000t\000\040\005\325\005\324\005\346\005\325\005\350\005\332\000\040\005\321\000-\000R\000e\000t\000r\000a\000i\000n\000i\000n\000g}{section.1.5}% 25
\BOOKMARK [1][-]{section.1.6}{\376\377\005\336\005\323\005\331\005\323\005\352\000\040\005\324\005\346\005\334\005\327\005\324\000\040\040\023\000\040\000K\000P\000I\000s\000\040\005\334\005\336\005\342\005\350\005\333\005\325\005\352\000\040\000A\000I}{chapter.1}% 26
\BOOKMARK [2][-]{subsection.1.6.1}{\376\377\005\334\005\336\005\324\000\040\000K\000P\000I\000s\000\040\005\347\005\350\005\331\005\330\005\331\005\331\005\335\000?}{section.1.6}% 27
\BOOKMARK [2][-]{subsection.1.6.2}{\376\377\005\351\005\334\005\325\005\351\005\324\000\040\005\341\005\325\005\322\005\331\000\040\000K\000P\000I\000s}{section.1.6}% 28
\BOOKMARK [2][-]{subsection.1.6.3}{\376\377\005\321\005\340\005\331\005\331\005\352\000\040\000D\000a\000s\000h\000b\000o\000a\000r\000d\000\040\005\334\000-\000K\000P\000I\000s}{section.1.6}% 29
\BOOKMARK [1][-]{section.1.7}{\376\377\005\323\005\325\005\322\005\336\005\320\005\325\005\352\000\040\005\336\005\342\005\351\005\331\005\325\005\352}{chapter.1}% 30
\BOOKMARK [2][-]{subsection.1.7.1}{\376\377\000C\000a\000s\000e\000\040\000S\000t\000u\000d\000y\000\040\0001\000:\000\040\005\344\005\350\005\325\005\331\005\347\005\330\000\040\000A\000I\000\040\005\336\005\325\005\346\005\334\005\327\000\040\005\336\000-\000A\000\040\005\342\005\323\000\040\000Z}{section.1.7}% 31
\BOOKMARK [2][-]{subsection.1.7.2}{\376\377\000C\000a\000s\000e\000\040\000S\000t\000u\000d\000y\000\040\0002\000:\000\040\005\340\005\331\005\352\005\325\005\327\000\040\005\333\005\331\005\351\005\334\005\325\005\337\000\040\040\023\000\040\005\336\005\324\000\040\005\334\005\320\000\040\005\334\005\342\005\351\005\325\005\352}{section.1.7}% 32
\BOOKMARK [2][-]{subsection.1.7.3}{\376\377\005\352\005\333\005\340\005\325\005\337\000\040\000R\000o\000a\000d\000m\000a\000p\000\040\005\334\005\336\005\327\005\334\005\347\005\352\000\040\000A\000I}{section.1.7}% 33
\BOOKMARK [1][-]{section.1.8}{\376\377\005\352\005\350\005\322\005\331\005\334\005\331\005\335}{chapter.1}% 34
\BOOKMARK [2][-]{subsection.1.8.1}{\376\377\005\352\005\350\005\322\005\331\005\334\000\040\0001\000:\000\040\005\333\005\352\005\331\005\321\005\352\000\040\000P\000r\000o\000j\000e\000c\000t\000\040\000C\000h\000a\000r\000t\000e\000r\000\040\005\334\005\344\005\350\005\325\005\331\005\347\005\330\000\040\000A\000I}{section.1.8}% 35
\BOOKMARK [2][-]{subsection.1.8.2}{\376\377\005\352\005\350\005\322\005\331\005\334\000\040\0002\000:\000\040\005\352\005\333\005\340\005\325\005\337\000\040\005\346\005\325\005\325\005\352\000\040\000A\000I\000\040\005\320\005\331\005\323\005\331\005\320\005\334\005\331}{section.1.8}% 36
\BOOKMARK [2][-]{subsection.1.8.3}{\376\377\005\352\005\350\005\322\005\331\005\334\000\040\0003\000:\000\040\005\321\005\340\005\331\005\331\005\352\000\040\000D\000a\000s\000h\000b\000o\000a\000r\000d\000\040\005\351\005\334\000\040\000K\000P\000I\000s}{section.1.8}% 37
\BOOKMARK [2][-]{subsection.1.8.4}{\376\377\005\352\005\350\005\322\005\331\005\334\000\040\0004\000:\000\040\005\340\005\331\005\352\005\325\005\327\000\040\000C\000a\000s\000e\000\040\000S\000t\000u\000d\000y\000\040\005\325\005\334\005\336\005\331\005\323\005\352\000\040\005\334\005\347\005\327\005\331\005\335}{section.1.8}% 38
\BOOKMARK [2][-]{subsection.1.8.5}{\376\377\005\352\005\350\005\322\005\331\005\334\000\040\0005\000:\000\040\005\352\005\333\005\340\005\325\005\337\000\040\000R\000o\000a\000d\000m\000a\000p\000\040\000A\000I\000\040\005\334\000-\0001\0002\000\040\005\327\005\325\005\323\005\351\005\331\005\335}{section.1.8}% 39
\BOOKMARK [2][-]{subsection.1.8.6}{\376\377\005\352\005\350\005\322\005\331\005\334\000\040\0006\000\040\000\050\005\347\005\325\005\323\000\040\000P\000y\000t\000h\000o\000n\000\051\000:\000\040\005\336\005\342\005\350\005\333\005\352\000\040\005\340\005\331\005\330\005\325\005\350\000\040\000K\000P\000I\000s\000\040\005\321\005\341\005\331\005\341\005\331\005\352}{section.1.8}% 40
\BOOKMARK [2][-]{subsection.1.8.7}{\376\377\005\352\005\350\005\322\005\331\005\334\000\040\0007\000\040\000\050\005\347\005\325\005\323\000\040\000P\000y\000t\000h\000o\000n\000\051\000:\000\040\000L\000o\000g\000g\000i\000n\000g\000\040\005\325\000-\000M\000o\000n\000i\000t\000o\000r\000i\000n\000g\000\040\005\334\005\336\005\342\005\350\005\333\005\352\000\040\000A\000I}{section.1.8}% 41
\BOOKMARK [1][-]{section.1.9}{\376\377\005\341\005\331\005\333\005\325\005\335}{chapter.1}% 42
\BOOKMARK [1][-]{Item.77}{\376\377\005\336\005\347\005\325\005\350\005\325\005\352\000\040\005\325\005\324\005\336\005\334\005\346\005\325\005\352\000\040\005\334\005\347\005\350\005\331\005\320\005\324\000\040\005\340\005\325\005\341\005\344\005\352}{chapter.1}% 43
