\BOOKMARK [0][-]{chapter.11}{\376\377\005\336\005\336\005\351\005\347\005\331\005\335\000\040\005\325\005\320\005\331\005\340\005\330\005\350\005\320\005\347\005\346\005\331\005\324\000\040\040\023\000\040\005\336\005\324\005\330\005\350\005\336\005\331\005\340\005\334\000\040\005\334\005\327\005\325\005\325\005\331\005\331\005\352\000\040\005\336\005\351\005\352\005\336\005\351}{}% 1
\BOOKMARK [1][-]{section*.1}{\376\377\005\336\005\330\005\350\005\325\005\352\000\040\005\324\005\334\005\336\005\331\005\323\005\324}{chapter.11}% 2
\BOOKMARK [1][-]{section.11.1}{\376\377\000G\000U\000I\000\040\000F\000r\000a\000m\000e\000w\000o\000r\000k\000s\000\040\005\334\005\320\005\344\005\334\005\331\005\347\005\346\005\331\005\325\005\352\000\040\000A\000I}{chapter.11}% 3
\BOOKMARK [2][-]{subsection.11.1.1}{\376\377\005\336\005\342\005\321\005\350\000\040\005\324\005\351\005\340\005\331\005\335\000:\000\040\005\336\005\330\005\350\005\336\005\331\005\340\005\334\000\040\005\334\005\327\005\334\005\325\005\337}{section.11.1}% 4
\BOOKMARK [2][-]{subsection.11.1.2}{\376\377\005\351\005\334\005\325\005\351\005\352\000\040\005\324\005\342\005\325\005\334\005\336\005\325\005\352\000:\000\040\000W\000e\000b\000,\000\040\000D\000e\000s\000k\000t\000o\000p\000,\000\040\000M\000o\000b\000i\000l\000e}{section.11.1}% 5
\BOOKMARK [2][-]{subsection.11.1.3}{\376\377\000Q\000t\000\040\040\023\000\040\005\324\005\336\005\334\005\332\000\040\005\324\005\325\005\325\005\352\005\331\005\347\000\040\005\351\005\334\000\040\000D\000e\000s\000k\000t\000o\000p\000\040\000A\000p\000p\000l\000i\000c\000a\000t\000i\000o\000n\000s}{section.11.1}% 6
\BOOKMARK [2][-]{subsection.11.1.4}{\376\377\000E\000l\000e\000c\000t\000r\000o\000n\000\040\040\023\000\040\000W\000e\000b\000\040\005\321\005\351\005\336\005\334\005\352\000\040\000D\000e\000s\000k\000t\000o\000p}{section.11.1}% 7
\BOOKMARK [2][-]{subsection.11.1.5}{\376\377\000F\000l\000u\000t\000t\000e\000r\000\040\040\023\000\040\005\324\005\342\005\352\005\331\005\323\000\040\005\351\005\334\000\040\000C\000r\000o\000s\000s\000-\000P\000l\000a\000t\000f\000o\000r\000m}{section.11.1}% 8
\BOOKMARK [2][-]{subsection.11.1.6}{\376\377\005\330\005\321\005\334\005\352\000\040\005\324\005\351\005\325\005\325\005\320\005\324\000:\000\040\005\321\005\327\005\331\005\350\005\352\000\040\000F\000r\000a\000m\000e\000w\000o\000r\000k\000\040\005\334\005\344\005\331\000\040\005\346\005\350\005\333\005\331\005\335}{section.11.1}% 9
\BOOKMARK [1][-]{section.11.2}{\376\377\000W\000e\000b\000\040\000I\000n\000t\000e\000r\000f\000a\000c\000e\000s\000\040\005\334\005\344\005\350\005\325\005\330\005\325\005\330\005\331\005\331\005\344\005\331\005\335\000\040\005\336\005\324\005\331\005\350\005\331\005\335}{chapter.11}% 10
\BOOKMARK [2][-]{subsection.11.2.1}{\376\377\005\324\005\346\005\325\005\350\005\332\000\040\005\321\005\336\005\324\005\331\005\350\005\325\005\352\000:\000\040\000M\000V\000P\000\040\005\351\005\334\000\040\005\336\005\336\005\351\005\347}{section.11.2}% 11
\BOOKMARK [2][-]{subsection.11.2.2}{\376\377\000S\000t\000r\000e\000a\000m\000l\000i\000t\000\040\040\023\000\040\005\324\005\344\005\351\005\330\005\325\005\352\000\040\005\333\005\342\005\350\005\332\000\040\005\342\005\334\005\331\005\325\005\337}{section.11.2}% 12
\BOOKMARK [2][-]{subsection.11.2.3}{\376\377\000G\000r\000a\000d\000i\000o\000\040\040\023\000\040\005\336\005\336\005\351\005\347\005\331\005\335\000\040\005\334\005\336\005\325\005\323\005\334\005\331\000\040\000M\000L}{section.11.2}% 13
\BOOKMARK [2][-]{subsection.11.2.4}{\376\377\005\336\005\352\005\331\000\040\005\334\005\324\005\351\005\352\005\336\005\351\000\040\005\321\005\333\005\334\000\040\005\320\005\327\005\323\000?}{section.11.2}% 14
\BOOKMARK [1][-]{section.11.3}{\376\377\000T\000e\000x\000t\000-\000t\000o\000-\000S\000p\000e\000e\000c\000h\000\040\040\023\000\040\005\333\005\351\005\324\005\336\005\333\005\325\005\340\005\324\000\040\005\336\005\323\005\321\005\350\005\352}{chapter.11}% 15
\BOOKMARK [2][-]{subsection.11.3.1}{\376\377\005\324\005\347\005\325\005\334\000\040\005\333\005\336\005\336\005\351\005\347}{section.11.3}% 16
\BOOKMARK [2][-]{subsection.11.3.2}{\376\377\000p\000y\000t\000t\000s\000x\0003\000\040\040\023\000\040\005\324\005\344\005\352\005\350\005\325\005\337\000\040\005\324\005\334\005\320\000-\005\352\005\334\005\325\005\331}{section.11.3}% 17
\BOOKMARK [2][-]{subsection.11.3.3}{\376\377\000g\000T\000T\000S\000\040\040\023\000\040\000G\000o\000o\000g\000l\000e\000\040\000T\000e\000x\000t\000-\000t\000o\000-\000S\000p\000e\000e\000c\000h}{section.11.3}% 18
\BOOKMARK [2][-]{subsection.11.3.4}{\376\377\000C\000o\000q\000u\000i\000\040\000T\000T\000S\000\040\040\023\000\040\000S\000t\000a\000t\000e\000-\000o\000f\000-\000t\000h\000e\000-\000A\000r\000t\000\040\005\321\005\347\005\325\005\323\000\040\005\344\005\352\005\325\005\327}{section.11.3}% 19
\BOOKMARK [2][-]{subsection.11.3.5}{\376\377\000O\000p\000e\000n\000A\000I\000\040\000T\000T\000S\000\040\000A\000P\000I\000\040\040\023\000\040\005\324\005\336\005\334\005\332\000\040\005\324\005\327\005\323\005\351}{section.11.3}% 20
\BOOKMARK [2][-]{subsection.11.3.6}{\376\377\005\321\005\327\005\331\005\350\005\352\000\040\000T\000T\000S\000\040\005\334\005\344\005\331\000\040\000U\000s\000e\000\040\000C\000a\000s\000e}{section.11.3}% 21
\BOOKMARK [1][-]{section.11.4}{\376\377\000S\000p\000e\000e\000c\000h\000-\000t\000o\000-\000T\000e\000x\000t\000\040\040\023\000\040\005\333\005\351\005\324\005\336\005\333\005\325\005\340\005\324\000\040\005\336\005\347\005\351\005\331\005\321\005\324}{chapter.11}% 22
\BOOKMARK [2][-]{subsection.11.4.1}{\376\377\005\336\005\320\005\325\005\326\005\337\000\040\005\320\005\340\005\325\005\351\005\331\000\040\005\334\005\336\005\333\005\325\005\340\005\324}{section.11.4}% 23
\BOOKMARK [2][-]{subsection.11.4.2}{\376\377\000S\000p\000e\000e\000c\000h\000R\000e\000c\000o\000g\000n\000i\000t\000i\000o\000n\000\040\040\023\000\040\005\324\005\341\005\344\005\350\005\331\005\331\005\324\000\040\005\324\005\340\005\325\005\327\005\324}{section.11.4}% 24
\BOOKMARK [2][-]{subsection.11.4.3}{\376\377\000O\000p\000e\000n\000A\000I\000\040\000W\000h\000i\000s\000p\000e\000r\000\040\040\023\000\040\005\324\005\336\005\324\005\344\005\333\005\324}{section.11.4}% 25
\BOOKMARK [2][-]{subsection.11.4.4}{\376\377\000A\000s\000s\000e\000m\000b\000l\000y\000A\000I\000\040\040\023\000\040\005\344\005\352\005\350\005\325\005\337\000\040\000E\000n\000t\000e\000r\000p\000r\000i\000s\000e}{section.11.4}% 26
\BOOKMARK [2][-]{subsection.11.4.5}{\376\377\005\321\005\340\005\331\005\331\005\352\000\040\000V\000o\000i\000c\000e\000\040\000A\000g\000e\000n\000t\000\040\005\336\005\334\005\320}{section.11.4}% 27
\BOOKMARK [1][-]{section.11.5}{\376\377\000U\000X\000\040\005\334\005\321\005\331\005\340\005\324\000\040\005\336\005\334\005\320\005\333\005\325\005\352\005\331\005\352\000\040\040\023\000\040\005\342\005\331\005\346\005\325\005\321\000\040\005\327\005\325\005\325\005\331\005\331\005\352\000\040\005\336\005\351\005\352\005\336\005\351}{chapter.11}% 28
\BOOKMARK [2][-]{subsection.11.5.1}{\376\377\005\334\005\336\005\324\000\040\000A\000I\000\040\005\351\005\325\005\340\005\324\000?}{section.11.5}% 29
\BOOKMARK [2][-]{subsection.11.5.2}{\376\377\005\342\005\347\005\350\005\325\005\340\005\325\005\352\000\040\005\342\005\331\005\346\005\325\005\321\000\040\005\334\005\336\005\336\005\351\005\347\005\331\000\040\000A\000I}{section.11.5}% 30
\BOOKMARK [2][-]{subsection.11.5.3}{\376\377\000W\000i\000r\000e\000f\000r\000a\000m\000e\000s\000\040\005\334\005\336\005\336\005\351\005\347\000\040\000A\000I\000\040\005\320\005\331\005\323\005\331\005\320\005\334\005\331}{section.11.5}% 31
\BOOKMARK [1][-]{section.11.6}{\376\377\005\340\005\322\005\331\005\351\005\325\005\352\000\040\040\023\000\040\000A\000I\000\040\005\334\005\333\005\325\005\334\005\335}{chapter.11}% 32
\BOOKMARK [2][-]{subsection.11.6.1}{\376\377\005\324\005\327\005\325\005\321\005\324\000\040\005\324\005\336\005\325\005\341\005\350\005\331\005\352\000\040\005\325\005\324\005\327\005\325\005\347\005\331\005\352}{section.11.6}% 33
\BOOKMARK [2][-]{subsection.11.6.2}{\376\377\005\342\005\347\005\350\005\325\005\340\005\325\005\352\000\040\005\340\005\322\005\331\005\351\005\325\005\352\000\040\005\334\005\336\005\336\005\351\005\347\005\331\000\040\000A\000I}{section.11.6}% 34
\BOOKMARK [2][-]{subsection.11.6.3}{\376\377\000C\000h\000e\000c\000k\000l\000i\000s\000t\000\040\005\340\005\322\005\331\005\351\005\325\005\352\000\040\005\334\005\336\005\325\005\346\005\350\000\040\000A\000I}{section.11.6}% 35
\BOOKMARK [1][-]{section.11.7}{\376\377\005\340\005\325\005\341\005\327\005\320\005\325\005\352\000\040\005\336\005\340\005\324\005\334\005\331\005\325\005\352}{chapter.11}% 36
\BOOKMARK [2][-]{subsection.11.7.1}{\376\377\000U\000s\000e\000r\000\040\000S\000a\000t\000i\000s\000f\000a\000c\000t\000i\000o\000n\000\040\000\050\000C\000S\000A\000T\000\051}{section.11.7}% 37
\BOOKMARK [2][-]{subsection.11.7.2}{\376\377\000T\000a\000s\000k\000\040\000C\000o\000m\000p\000l\000e\000t\000i\000o\000n\000\040\000R\000a\000t\000e}{section.11.7}% 38
\BOOKMARK [2][-]{subsection.11.7.3}{\376\377\000C\000o\000s\000t\000\040\000p\000e\000r\000\040\000I\000n\000t\000e\000r\000a\000c\000t\000i\000o\000n}{section.11.7}% 39
\BOOKMARK [1][-]{section.11.8}{\376\377\005\323\005\325\005\322\005\336\005\320\005\325\005\352\000\040\005\336\005\342\005\351\005\331\005\325\005\352}{chapter.11}% 40
\BOOKMARK [2][-]{subsection.11.8.1}{\376\377\005\323\005\325\005\322\005\336\005\324\000\040\0001\000:\000\040\000C\000h\000a\000t\000b\000o\000t\000\040\005\342\005\335\000\040\005\336\005\336\005\351\005\347\000\040\000S\000t\000r\000e\000a\000m\000l\000i\000t}{section.11.8}% 41
\BOOKMARK [2][-]{subsection.11.8.2}{\376\377\005\323\005\325\005\322\005\336\005\324\000\040\0002\000:\000\040\005\324\005\325\005\341\005\344\005\352\000\040\005\331\005\333\005\325\005\334\005\352\000\040\005\347\005\325\005\334\000\040\005\334\005\341\005\325\005\333\005\337\000\040\005\347\005\331\005\331\005\335}{section.11.8}% 42
\BOOKMARK [2][-]{subsection.11.8.3}{\376\377\005\323\005\325\005\322\005\336\005\324\000\040\0003\000:\000\040\005\320\005\344\005\334\005\331\005\347\005\346\005\331\005\331\005\352\000\040\000D\000e\000s\000k\000t\000o\000p\000\040\005\342\005\335\000\040\000E\000l\000e\000c\000t\000r\000o\000n\000\040\000+\000\040\000L\000L\000M}{section.11.8}% 43
\BOOKMARK [1][-]{section.11.9}{\376\377\005\352\005\350\005\322\005\331\005\334\005\331\005\335}{chapter.11}% 44
\BOOKMARK [2][-]{subsection.11.9.1}{\376\377\005\352\005\350\005\322\005\331\005\334\005\331\005\335\000\040\005\352\005\331\005\320\005\325\005\350\005\330\005\331\005\331\005\335}{section.11.9}% 45
\BOOKMARK [2][-]{subsection.11.9.2}{\376\377\005\352\005\350\005\322\005\331\005\334\005\331\000\040\005\347\005\325\005\323}{section.11.9}% 46
