\BOOKMARK [1][-]{section*.1}{\376\377\0001\000\040\005\324\005\336\005\324\005\344\005\333\005\324\000\040\005\324\005\351\005\347\005\330\005\324\000\040\000-\000\040\005\336\005\321\005\325\005\320\000\040\005\334\005\336\005\325\005\323\005\334\005\331\000\040\005\351\005\344\005\324\000\040\005\322\005\323\005\325\005\334\005\331\005\335\000\040\005\321\005\342\005\325\005\334\005\335\000\040\005\324\005\342\005\341\005\347\005\331}{}% 1
\BOOKMARK [1][-]{section.2}{\376\377\005\344\005\350\005\325\005\334\005\325\005\322\000:\000\040\005\321\005\325\005\347\005\350\000\040\005\350\005\322\005\331\005\334\000\040\005\321\005\342\005\325\005\334\005\335\000\040\005\327\005\323\005\351}{}% 2
\BOOKMARK [1][-]{section.3}{\376\377\005\336\005\324\005\335\000\040\005\336\005\325\005\323\005\334\005\331\000\040\005\351\005\344\005\324\000\040\005\322\005\323\005\325\005\334\005\331\005\335\000?\000\040\005\324\005\341\005\321\005\350\000\040\005\320\005\331\005\340\005\330\005\325\005\320\005\331\005\330\005\331\005\321\005\331}{}% 3
\BOOKMARK [2][-]{subsection.3.1}{\376\377\005\324\005\336\005\330\005\320\005\344\005\325\005\350\005\324\000:\000\040\005\336\005\333\005\325\005\340\005\352\000\040\005\324\005\351\005\334\005\336\005\352\000\040\005\323\005\344\005\325\005\341\005\331\005\335}{section.3}% 4
\BOOKMARK [2][-]{subsection.3.2}{\376\377\005\336\005\352\005\327\005\352\000\040\005\334\005\336\005\333\005\341\005\324\000\040\005\324\005\336\005\340\005\325\005\342\000:\000\040\005\320\005\350\005\333\005\331\005\330\005\347\005\330\005\325\005\350\005\324\000\040\005\321\005\341\005\331\005\341\005\331\005\352}{section.3}% 5
\BOOKMARK [1][-]{section.4}{\376\377\005\351\005\340\005\331\000\040\005\324\005\333\005\325\005\327\005\325\005\352\000\040\005\324\005\342\005\334\000\040\005\351\005\334\000\040\000L\000L\000M}{}% 6
\BOOKMARK [2][-]{subsection.4.1}{\376\377\005\333\005\325\005\327\000\040\005\350\005\320\005\351\005\325\005\337\000:\000\040\005\352\005\347\005\351\005\325\005\350\005\352\000\040\005\330\005\321\005\342\005\331\005\352\000\040\005\342\005\335\000\040\005\336\005\333\005\325\005\340\005\324}{section.4}% 7
\BOOKMARK [2][-]{subsection.4.2}{\376\377\005\333\005\325\005\327\000\040\005\351\005\340\005\331\000:\000\040\005\342\005\331\005\321\005\325\005\323\000\040\005\334\005\325\005\322\005\331\005\347\005\324\000\040\005\336\005\325\005\350\005\333\005\321\005\352}{section.4}% 8
\BOOKMARK [3][-]{subsubsection.4.2.1}{\376\377\005\341\005\331\005\333\005\325\005\335\000\040\005\325\005\324\005\344\005\347\005\352\000\040\005\352\005\325\005\321\005\340\005\325\005\352}{subsection.4.2}% 9
\BOOKMARK [3][-]{subsubsection.4.2.2}{\376\377\005\324\005\351\005\325\005\325\005\320\005\324\000\040\005\325\005\340\005\331\005\352\005\325\005\327}{subsection.4.2}% 10
\BOOKMARK [3][-]{subsubsection.4.2.3}{\376\377\005\344\005\352\005\350\005\325\005\337\000\040\005\321\005\342\005\331\005\325\005\352\000\040\005\350\005\321\000-\005\351\005\334\005\321\005\331}{subsection.4.2}% 11
\BOOKMARK [3][-]{subsubsection.4.2.4}{\376\377\005\352\005\333\005\340\005\325\005\352\000\040\005\325\005\333\005\352\005\331\005\321\005\352\000\040\005\347\005\325\005\323}{subsection.4.2}% 12
\BOOKMARK [2][-]{subsection.4.3}{\376\377\005\324\005\336\005\351\005\336\005\342\005\325\005\352\000\040\005\324\005\336\005\351\005\325\005\334\005\321\005\352\000:\000\040\005\342\005\325\005\321\005\323\000\040\005\323\005\331\005\322\005\331\005\330\005\334\005\331}{section.4}% 13
\BOOKMARK [1][-]{section.5}{\376\377\005\340\005\347\005\325\005\323\005\325\005\352\000\040\005\324\005\327\005\325\005\326\005\347\000:\000\040\005\336\005\324\000\040\000L\000L\000M\000s\000\040\005\342\005\325\005\351\005\331\005\335\000\040\005\330\005\325\005\321\000\040\005\321\005\336\005\331\005\325\005\327\005\323}{}% 14
\BOOKMARK [2][-]{subsection.5.1}{\376\377\005\331\005\346\005\331\005\350\005\352\005\331\005\325\005\352\000\040\005\325\005\324\005\344\005\347\005\352\000\040\005\350\005\342\005\331\005\325\005\340\005\325\005\352}{section.5}% 15
\BOOKMARK [2][-]{subsection.5.2}{\376\377\005\324\005\321\005\340\005\352\000\040\005\324\005\347\005\351\005\350\000\040\005\325\005\340\005\325\005\320\005\340\005\341\005\331\005\335}{section.5}% 16
\BOOKMARK [2][-]{subsection.5.3}{\376\377\005\322\005\336\005\331\005\351\005\325\005\352\000\040\005\325\005\324\005\352\005\320\005\336\005\324}{section.5}% 17
\BOOKMARK [2][-]{subsection.5.4}{\376\377\005\342\005\321\005\325\005\323\005\324\000\040\005\342\005\335\000\040\005\351\005\344\005\325\005\352\000\040\005\336\005\350\005\325\005\321\005\325\005\352}{section.5}% 18
\BOOKMARK [1][-]{section.6}{\376\377\005\340\005\347\005\325\005\323\005\325\005\352\000\040\005\324\005\327\005\325\005\334\005\351\005\324\000:\000\040\005\336\005\324\000\040\000L\000L\000M\000s\000\040\005\334\005\320\000\040\005\342\005\325\005\351\005\331\005\335\000\040\005\330\005\325\005\321}{}% 19
\BOOKMARK [2][-]{subsection.6.1}{\376\377\005\324\005\326\005\331\005\325\005\352\000\040\000\050\000H\000a\000l\000l\000u\000c\000i\000n\000a\000t\000i\000o\000n\000s\000\051}{section.6}% 20
\BOOKMARK [2][-]{subsection.6.2}{\376\377\005\327\005\325\005\341\005\350\000\040\005\342\005\323\005\333\005\340\005\331\005\325\005\352\000\040\000\050\000K\000n\000o\000w\000l\000e\000d\000g\000e\000\040\000C\000u\000t\000o\000f\000f\000\051}{section.6}% 21
\BOOKMARK [2][-]{subsection.6.3}{\376\377\005\342\005\334\005\325\005\331\005\325\005\352\000\040\000-\000\040\005\334\005\320\000\040\005\326\005\340\005\331\005\327}{section.6}% 22
\BOOKMARK [2][-]{subsection.6.4}{\376\377\005\327\005\325\005\341\005\350\000\040\005\351\005\347\005\331\005\344\005\325\005\352\000\040\000\050\000B\000l\000a\000c\000k\000\040\000B\000o\000x\000\051}{section.6}% 23
\BOOKMARK [1][-]{section.7}{\376\377\005\340\005\325\005\341\005\327\005\320\005\325\005\352\000\040\005\336\005\340\005\324\005\334\005\331\005\325\005\352\000\040\005\334\005\324\005\342\005\350\005\333\005\352\000\040\000L\000L\000M\000s}{}% 24
\BOOKMARK [2][-]{subsection.7.1}{\376\377\005\336\005\323\005\323\000\040\000R\000O\000I\000\040\005\351\005\334\000\040\005\331\005\331\005\351\005\325\005\335\000\040\000A\000I}{section.7}% 25
\BOOKMARK [2][-]{subsection.7.2}{\376\377\005\340\005\325\005\341\005\327\005\352\000\040\005\342\005\334\005\325\005\352\000\040\005\330\005\325\005\347\005\340\005\331\005\335}{section.7}% 26
\BOOKMARK [2][-]{subsection.7.3}{\376\377\000B\000r\000e\000a\000k\000-\000E\000v\000e\000n\000\040\000A\000n\000a\000l\000y\000s\000i\000s}{section.7}% 27
\BOOKMARK [1][-]{section.8}{\376\377\005\324\005\351\005\325\005\325\005\320\005\352\000\040\005\336\005\325\005\323\005\334\005\331\005\335\000:\000\040\005\352\005\350\005\351\005\331\005\335\000\040\005\342\005\334\005\325\005\352\000\040\005\336\005\325\005\334\000\040\005\331\005\333\005\325\005\334\005\325\005\352}{}% 28
\BOOKMARK [1][-]{section.9}{\376\377\005\352\005\350\005\351\005\331\005\335\000\040\000V\000e\000n\000n\000:\000\040\005\327\005\344\005\331\005\344\005\324\000\040\005\321\005\331\005\337\000\040\005\331\005\333\005\325\005\334\005\325\005\352\000\040\005\320\005\340\005\325\005\351\005\331\005\325\005\352\000\040\005\325\000-\000A\000I}{}% 29
\BOOKMARK [1][-]{section.10}{\376\377\005\323\005\325\005\322\005\336\005\320\005\325\005\352\000\040\005\336\005\342\005\351\005\331\005\325\005\352\000:\000\040\000L\000L\000M\000s\000\040\005\321\005\342\005\321\005\325\005\323\005\324}{}% 30
\BOOKMARK [2][-]{subsection.10.1}{\376\377\005\336\005\340\005\324\005\334\005\352\000\040\005\351\005\331\005\325\005\325\005\347\000:\000\040\005\352\005\333\005\340\005\325\005\337\000\040\005\325\005\331\005\346\005\331\005\350\005\352\000\040\005\347\005\336\005\344\005\331\005\331\005\337}{section.10}% 31
\BOOKMARK [2][-]{subsection.10.2}{\376\377\005\341\005\336\005\340\005\333\000"\005\334\000\040\005\333\005\341\005\344\005\331\005\335\000:\000\040\005\340\005\331\005\352\005\325\005\327\000\040\005\323\005\325\005\327\005\325\005\352\000\040\005\336\005\325\005\350\005\333\005\321\005\331\005\335}{section.10}% 32
\BOOKMARK [2][-]{subsection.10.3}{\376\377\005\336\005\340\005\324\005\334\005\352\000\040\005\336\005\351\005\320\005\321\005\331\000\040\005\320\005\340\005\325\005\351\000:\000\040\005\341\005\331\005\340\005\325\005\337\000\040\005\347\005\325\005\350\005\325\005\352\000\040\005\327\005\331\005\331\005\335}{section.10}% 33
\BOOKMARK [1][-]{section.11}{\376\377\005\352\005\350\005\322\005\331\005\334\005\331\005\335}{}% 34
\BOOKMARK [2][-]{subsection.11.1}{\376\377\005\352\005\350\005\322\005\331\005\334\005\331\005\335\000\040\005\352\005\331\005\320\005\325\005\350\005\330\005\331\005\331\005\335}{section.11}% 35
\BOOKMARK [2][-]{subsection.11.2}{\376\377\005\352\005\350\005\322\005\331\005\334\005\331\000\040\005\347\005\325\005\323\000\040\000P\000y\000t\000h\000o\000n}{section.11}% 36
\BOOKMARK [1][-]{section.12}{\376\377\005\341\005\331\005\333\005\325\005\335\000\040\005\324\005\344\005\350\005\347}{}% 37
