\BOOKMARK [0][-]{chapter.6}{\376\377\005\344\005\350\005\325\005\330\005\325\005\347\005\325\005\334\000\040\000A\0002\000A\000\040\040\023\000\040\005\333\005\351\005\341\005\325\005\333\005\340\005\331\005\335\000\040\005\336\005\323\005\321\005\350\005\331\005\335\000\040\005\321\005\331\005\340\005\331\005\324\005\335}{}% 1
\BOOKMARK [1][-]{figure.caption.1}{\376\377\005\331\005\342\005\323\005\331\000\040\005\324\005\334\005\336\005\331\005\323\005\324}{chapter.6}% 2
\BOOKMARK [1][-]{section.6.1}{\376\377\005\336\005\321\005\325\005\320\000:\000\040\005\324\005\333\005\325\005\327\000\040\005\351\005\334\000\040\005\350\005\321\005\331\005\335}{chapter.6}% 3
\BOOKMARK [1][-]{section.6.2}{\376\377\005\336\005\324\005\325\000\040\000A\0002\000A\000?}{chapter.6}% 4
\BOOKMARK [2][-]{subsection.6.2.1}{\376\377\005\324\005\322\005\323\005\350\005\324}{section.6.2}% 5
\BOOKMARK [2][-]{subsection.6.2.2}{\376\377\005\336\005\323\005\325\005\342\000\040\005\340\005\323\005\350\005\351\000\040\000A\0002\000A\000?}{section.6.2}% 6
\BOOKMARK [2][-]{subsection.6.2.3}{\376\377\005\336\005\350\005\333\005\331\005\321\005\331\000\040\000A\0002\000A}{section.6.2}% 7
\BOOKMARK [1][-]{section.6.3}{\376\377\005\320\005\350\005\333\005\331\005\330\005\347\005\330\005\325\005\350\005\325\005\352\000\040\005\351\005\334\000\040\005\336\005\342\005\350\005\333\005\325\005\352\000\040\000M\000u\000l\000t\000i\000-\000A\000g\000e\000n\000t}{chapter.6}% 8
\BOOKMARK [2][-]{subsection.6.3.1}{\376\377\000H\000u\000b\000-\000a\000n\000d\000-\000S\000p\000o\000k\000e\000\040\000\050\005\336\005\350\005\333\005\326\000\040\005\325\005\326\005\350\005\325\005\342\005\325\005\352\000\051}{section.6.3}% 9
\BOOKMARK [2][-]{subsection.6.3.2}{\376\377\000M\000e\000s\000h\000\040\000\050\005\350\005\351\005\352\000\051}{section.6.3}% 10
\BOOKMARK [2][-]{subsection.6.3.3}{\376\377\000H\000i\000e\000r\000a\000r\000c\000h\000i\000c\000a\000l\000\040\000\050\005\324\005\331\005\350\005\350\005\333\005\331\000\051}{section.6.3}% 11
\BOOKMARK [1][-]{section.6.4}{\376\377\005\352\005\331\005\320\005\325\005\335\000\040\005\336\005\351\005\331\005\336\005\325\005\352\000\040\005\321\005\331\005\337\000\040\005\341\005\325\005\333\005\340\005\331\005\335}{chapter.6}% 12
\BOOKMARK [2][-]{subsection.6.4.1}{\376\377\005\327\005\334\005\325\005\347\005\352\000\040\005\342\005\321\005\325\005\323\005\324\000\040\000\050\000T\000a\000s\000k\000\040\000D\000i\000s\000t\000r\000i\000b\000u\000t\000i\000o\000n\000\051}{section.6.4}% 13
\BOOKMARK [2][-]{subsection.6.4.2}{\376\377\005\352\005\331\005\320\005\325\005\335\000\040\005\326\005\336\005\340\005\331\005\335\000\040\000\050\000C\000o\000o\000r\000d\000i\000n\000a\000t\000i\000o\000n\000\051}{section.6.4}% 14
\BOOKMARK [2][-]{subsection.6.4.3}{\376\377\005\342\005\334\005\325\005\331\005\325\005\352\000\040\005\352\005\331\005\320\005\325\005\335\000\040\000\050\000C\000o\000o\000r\000d\000i\000n\000a\000t\000i\000o\000n\000\040\000O\000v\000e\000r\000h\000e\000a\000d\000\051}{section.6.4}% 15
\BOOKMARK [1][-]{section.6.5}{\376\377\005\330\005\331\005\344\005\325\005\334\000\040\005\321\005\347\005\325\005\340\005\344\005\334\005\331\005\347\005\330\005\331\005\335}{chapter.6}% 16
\BOOKMARK [2][-]{subsection.6.5.1}{\376\377\005\341\005\325\005\322\005\331\000\040\005\347\005\325\005\340\005\344\005\334\005\331\005\347\005\330\005\331\005\335}{section.6.5}% 17
\BOOKMARK [2][-]{subsection.6.5.2}{\376\377\005\336\005\340\005\322\005\340\005\325\005\340\005\331\000\040\005\344\005\352\005\350\005\325\005\337\000\040\005\347\005\325\005\340\005\344\005\334\005\331\005\347\005\330\005\331\005\335}{section.6.5}% 18
\BOOKMARK [1][-]{section.6.6}{\376\377\000O\000r\000c\000h\000e\000s\000t\000r\000a\000t\000i\000o\000n\000:\000\040\005\352\005\326\005\336\005\325\005\350\000\040\005\341\005\325\005\333\005\340\005\331\005\335}{chapter.6}% 19
\BOOKMARK [2][-]{subsection.6.6.1}{\376\377\005\336\005\324\005\325\000\040\000O\000r\000c\000h\000e\000s\000t\000r\000a\000t\000i\000o\000n\000?}{section.6.6}% 20
\BOOKMARK [2][-]{subsection.6.6.2}{\376\377\000L\000a\000n\000g\000G\000r\000a\000p\000h\000:\000\040\005\333\005\334\005\331\000\040\005\334\005\352\005\326\005\336\005\325\005\350}{section.6.6}% 21
\BOOKMARK [2][-]{subsection.6.6.3}{\376\377\000S\000t\000a\000t\000e\000\040\000M\000a\000n\000a\000g\000e\000m\000e\000n\000t\000\040\000\050\005\340\005\331\005\324\005\325\005\334\000\040\005\336\005\346\005\321\000\051}{section.6.6}% 22
\BOOKMARK [1][-]{section.6.7}{\376\377\005\340\005\331\005\330\005\325\005\350\000\040\005\336\005\342\005\350\005\333\005\325\005\352\000\040\000M\000u\000l\000t\000i\000-\000A\000g\000e\000n\000t}{chapter.6}% 23
\BOOKMARK [2][-]{subsection.6.7.1}{\376\377\005\336\005\330\005\350\005\331\005\347\005\325\005\352\000\040\005\327\005\351\005\325\005\321\005\325\005\352}{section.6.7}% 24
\BOOKMARK [2][-]{subsection.6.7.2}{\376\377\005\333\005\334\005\331\000\040\005\340\005\331\005\330\005\325\005\350}{section.6.7}% 25
\BOOKMARK [1][-]{section.6.8}{\376\377\005\323\005\325\005\322\005\336\005\320\005\325\005\352\000\040\005\336\005\342\005\351\005\331\005\325\005\352}{chapter.6}% 26
\BOOKMARK [2][-]{subsection.6.8.1}{\376\377\005\323\005\325\005\322\005\336\005\324\000\040\0001\000:\000\040\005\346\005\325\005\325\005\352\000\040\005\341\005\325\005\333\005\340\005\331\005\335\000\040\005\334\005\330\005\331\005\344\005\325\005\334\000\040\005\321\005\324\005\326\005\336\005\340\005\324}{section.6.8}% 27
\BOOKMARK [2][-]{subsection.6.8.2}{\376\377\005\323\005\325\005\322\005\336\005\324\000\040\0002\000:\000\040\005\341\005\325\005\333\005\337\000\040\005\336\005\333\005\331\005\350\005\325\005\352\000\040\000+\000\040\005\341\005\325\005\333\005\337\000\040\005\336\005\334\005\320\005\331\000\040\000+\000\040\005\341\005\325\005\333\005\337\000\040\005\334\005\325\005\322\005\331\005\341\005\330\005\331\005\347\005\324}{section.6.8}% 28
\BOOKMARK [2][-]{subsection.6.8.3}{\376\377\005\323\005\325\005\322\005\336\005\324\000\040\0003\000:\000\040\005\336\005\342\005\350\005\333\005\352\000\040\000M\000u\000l\000t\000i\000-\000A\000g\000e\000n\000t\000\040\005\334\005\352\005\336\005\331\005\333\005\352\000\040\005\334\005\347\005\325\005\327\005\325\005\352}{section.6.8}% 29
\BOOKMARK [1][-]{section.6.9}{\376\377\005\352\005\350\005\322\005\331\005\334\005\331\005\335}{chapter.6}% 30
\BOOKMARK [2][-]{subsection.6.9.1}{\376\377\005\352\005\350\005\322\005\331\005\334\000\040\0001\000:\000\040\005\352\005\333\005\340\005\325\005\337\000\040\005\336\005\342\005\350\005\333\005\352\000\040\000M\000u\000l\000t\000i\000-\000A\000g\000e\000n\000t}{section.6.9}% 31
\BOOKMARK [2][-]{subsection.6.9.2}{\376\377\005\352\005\350\005\322\005\331\005\334\000\040\0002\000:\000\040\005\326\005\331\005\324\005\325\005\331\000\040\005\340\005\347\005\325\005\323\005\325\005\352\000\040\005\333\005\351\005\334}{section.6.9}% 32
\BOOKMARK [2][-]{subsection.6.9.3}{\376\377\005\352\005\350\005\322\005\331\005\334\000\040\0003\000:\000\040\005\321\005\340\005\331\005\331\005\352\000\040\005\336\005\323\005\331\005\340\005\331\005\325\005\352\000\040\000E\000s\000c\000a\000l\000a\000t\000i\000o\000n}{section.6.9}% 33
\BOOKMARK [2][-]{subsection.6.9.4}{\376\377\005\352\005\350\005\322\005\331\005\334\000\040\0004\000:\000\040\005\352\005\333\005\340\005\325\005\337\000\040\005\340\005\331\005\330\005\325\005\350}{section.6.9}% 34
\BOOKMARK [2][-]{subsection.6.9.5}{\376\377\005\352\005\350\005\322\005\331\005\334\000\040\0005\000:\000\040\005\340\005\331\005\352\005\325\005\327\000\040\005\342\005\334\005\325\005\331\005\325\005\352\000\040\005\336\005\325\005\334\000\040\005\331\005\342\005\331\005\334\005\325\005\352}{section.6.9}% 35
\BOOKMARK [2][-]{subsection.6.9.6}{\376\377\005\352\005\350\005\322\005\331\005\334\000\040\0006\000:\000\040\005\352\005\347\005\351\005\325\005\350\005\352\000\040\005\321\005\331\005\337\000\040\005\351\005\340\005\331\000\040\005\341\005\325\005\333\005\340\005\331\005\335\000\040\000\050\000P\000y\000t\000h\000o\000n\000\051}{section.6.9}% 36
\BOOKMARK [1][-]{section.6.10}{\376\377\005\341\005\331\005\333\005\325\005\335}{chapter.6}% 37
\BOOKMARK [2][-]{subsection.6.10.1}{\376\377\005\340\005\347\005\325\005\323\005\325\005\352\000\040\005\336\005\344\005\352\005\327\000\040\005\334\005\336\005\340\005\324\005\334\005\331\005\335}{section.6.10}% 38
\BOOKMARK [2][-]{subsection.6.10.2}{\376\377\005\324\005\336\005\351\005\332}{section.6.10}% 39
