\BOOKMARK [0][-]{chapter.1}{\376\377\005\351\005\331\005\347\005\325\005\334\005\331\005\335\000\040\005\320\005\341\005\330\005\350\005\330\005\322\005\331\005\331\005\335\000\040\040\023\000\040\005\321\005\327\005\331\005\350\005\352\000\040\005\330\005\333\005\340\005\325\005\334\005\325\005\322\005\331\005\325\005\352\000\040\005\325\005\340\005\331\005\324\005\325\005\334\000\040\005\326\005\331\005\333\005\350\005\325\005\337}{}% 1
\BOOKMARK [1][-]{section.1.1}{\376\377\005\344\005\352\005\331\005\327\005\324\000:\000\040\005\342\005\325\005\334\005\335\000\040\005\351\005\334\000\040\005\321\005\327\005\331\005\350\005\325\005\352}{chapter.1}% 2
\BOOKMARK [1][-]{section.1.2}{\376\377\005\321\005\327\005\331\005\350\005\352\000\040\000L\000L\000M\000:\000\040\005\324\005\336\005\344\005\324\000\040\005\324\005\320\005\341\005\330\005\350\005\330\005\322\005\331\005\352}{chapter.1}% 3
\BOOKMARK [2][-]{subsection.1.2.1}{\376\377\005\347\005\350\005\331\005\330\005\350\005\331\005\325\005\340\005\331\005\335\000\040\005\336\005\350\005\333\005\326\005\331\005\331\005\335\000\040\005\334\005\321\005\327\005\331\005\350\005\352\000\040\005\336\005\325\005\323\005\334}{section.1.2}% 4
\BOOKMARK [2][-]{subsection.1.2.2}{\376\377\005\336\005\323\005\323\005\331\000\040\005\324\005\351\005\325\005\325\005\320\005\324\000:\000\040\000P\000e\000r\000f\000o\000r\000m\000a\000n\000c\000e\000\040\000v\000s\000\040\000C\000o\000s\000t}{section.1.2}% 5
\BOOKMARK [2][-]{subsection.1.2.3}{\376\377\000D\000e\000c\000i\000s\000i\000o\000n\000\040\000T\000r\000e\000e\000\040\005\334\005\321\005\327\005\331\005\350\005\352\000\040\000L\000L\000M}{section.1.2}% 6
\BOOKMARK [1][-]{section.1.3}{\376\377\005\321\005\327\005\331\005\350\005\352\000\040\000E\000m\000b\000e\000d\000d\000i\000n\000g\000\040\000M\000o\000d\000e\000l\000s\000:\000\040\000T\000a\000s\000k\000-\000S\000p\000e\000c\000i\000f\000i\000c\000\040\005\320\005\325\000\040\000G\000e\000n\000e\000r\000a\000l\000?}{chapter.1}% 7
\BOOKMARK [2][-]{subsection.1.3.1}{\376\377\000G\000e\000n\000e\000r\000a\000l\000-\000P\000u\000r\000p\000o\000s\000e\000\040\000E\000m\000b\000e\000d\000d\000i\000n\000g\000s}{section.1.3}% 8
\BOOKMARK [2][-]{subsection.1.3.2}{\376\377\000T\000a\000s\000k\000-\000S\000p\000e\000c\000i\000f\000i\000c\000\040\000E\000m\000b\000e\000d\000d\000i\000n\000g\000s}{section.1.3}% 9
\BOOKMARK [1][-]{section.1.4}{\376\377\005\321\005\327\005\331\005\350\005\352\000\040\000D\000a\000t\000a\000b\000a\000s\000e\000:\000\040\000V\000e\000c\000t\000o\000r\000,\000\040\000R\000e\000l\000a\000t\000i\000o\000n\000a\000l\000,\000\040\005\320\005\325\000\040\000H\000y\000b\000r\000i\000d\000?}{chapter.1}% 10
\BOOKMARK [2][-]{subsection.1.4.1}{\376\377\000V\000e\000c\000t\000o\000r\000\040\000D\000a\000t\000a\000b\000a\000s\000e\000s}{section.1.4}% 11
\BOOKMARK [2][-]{subsection.1.4.2}{\376\377\000R\000e\000l\000a\000t\000i\000o\000n\000a\000l\000\040\000D\000a\000t\000a\000b\000a\000s\000e\000s}{section.1.4}% 12
\BOOKMARK [2][-]{subsection.1.4.3}{\376\377\000H\000y\000b\000r\000i\000d\000\040\000A\000p\000p\000r\000o\000a\000c\000h}{section.1.4}% 13
\BOOKMARK [1][-]{section.1.5}{\376\377\005\340\005\331\005\324\005\325\005\334\000\040\005\326\005\331\005\333\005\350\005\325\005\337\000\040\005\321\000-\000L\000L\000M\000:\000\040\000S\000h\000o\000r\000t\000-\000t\000e\000r\000m\000,\000\040\000L\000o\000n\000g\000-\000t\000e\000r\000m\000,\000\040\000E\000x\000t\000e\000r\000n\000a\000l}{chapter.1}% 14
\BOOKMARK [2][-]{subsection.1.5.1}{\376\377\000S\000h\000o\000r\000t\000-\000t\000e\000r\000m\000\040\000M\000e\000m\000o\000r\000y\000:\000\040\005\340\005\331\005\324\005\325\005\334\000\040\005\324\005\351\005\331\005\327\005\324\000\040\005\324\005\340\005\325\005\333\005\327\005\331\005\352}{section.1.5}% 15
\BOOKMARK [2][-]{subsection.1.5.2}{\376\377\000L\000o\000n\000g\000-\000t\000e\000r\000m\000\040\000M\000e\000m\000o\000r\000y\000:\000\040\005\326\005\331\005\333\005\350\005\325\005\337\000\040\005\321\005\331\005\337\000\040\005\351\005\331\005\327\005\325\005\352}{section.1.5}% 16
\BOOKMARK [2][-]{subsection.1.5.3}{\376\377\000E\000x\000t\000e\000r\000n\000a\000l\000\040\000M\000e\000m\000o\000r\000y\000:\000\040\005\322\005\331\005\351\005\324\000\040\005\334\005\331\005\323\005\342\000\040\005\327\005\331\005\346\005\325\005\340\005\331}{section.1.5}% 17
\BOOKMARK [1][-]{section.1.6}{\376\377\000C\000o\000n\000t\000e\000x\000t\000\040\000W\000i\000n\000d\000o\000w\000:\000\040\005\336\005\322\005\321\005\334\005\325\005\352\000\040\005\325\005\320\005\341\005\330\005\350\005\330\005\322\005\331\005\325\005\352\000\040\005\324\005\352\005\336\005\325\005\323\005\323\005\325\005\352}{chapter.1}% 18
\BOOKMARK [2][-]{subsection.1.6.1}{\376\377\005\320\005\341\005\330\005\350\005\330\005\322\005\331\005\325\005\352\000\040\005\334\005\324\005\352\005\336\005\325\005\323\005\323\005\325\005\352\000\040\005\342\005\335\000\040\000C\000o\000n\000t\000e\000x\000t\000\040\000W\000i\000n\000d\000o\000w\000\040\005\336\005\325\005\322\005\321\005\334}{section.1.6}% 19
\BOOKMARK [1][-]{section.1.7}{\376\377\000V\000e\000n\000d\000o\000r\000\040\000L\000o\000c\000k\000-\000i\000n\000:\000\040\005\324\005\341\005\331\005\333\005\325\005\337\000\040\005\324\005\340\005\341\005\352\005\350}{chapter.1}% 20
\BOOKMARK [2][-]{subsection.1.7.1}{\376\377\005\320\005\331\005\332\000\040\005\340\005\325\005\346\005\350\000\040\000V\000e\000n\000d\000o\000r\000\040\000L\000o\000c\000k\000-\000i\000n\000\040\005\321\005\336\005\342\005\350\005\333\005\325\005\352\000\040\000A\000I\000?}{section.1.7}% 21
\BOOKMARK [2][-]{subsection.1.7.2}{\376\377\005\320\005\341\005\330\005\350\005\330\005\322\005\331\005\325\005\352\000\040\005\334\005\336\005\340\005\331\005\342\005\352\000\040\000V\000e\000n\000d\000o\000r\000\040\000L\000o\000c\000k\000-\000i\000n}{section.1.7}% 22
\BOOKMARK [2][-]{subsection.1.7.3}{\376\377\005\327\005\331\005\351\005\325\005\321\000\040\000S\000w\000i\000t\000c\000h\000i\000n\000g\000\040\000C\000o\000s\000t}{section.1.7}% 23
\BOOKMARK [1][-]{section.1.8}{\376\377\005\323\005\325\005\322\005\336\005\320\005\325\005\352\000\040\005\336\005\342\005\351\005\331\005\325\005\352}{chapter.1}% 24
\BOOKMARK [2][-]{subsection.1.8.1}{\376\377\005\323\005\325\005\322\005\336\005\324\000\040\0001\000:\000\040\005\336\005\342\005\321\005\350\000\040\005\336\000-\000G\000P\000T\000-\0003\000.\0005\000\040\005\334\000-\000G\000P\000T\000-\0004}{section.1.8}% 25
\BOOKMARK [2][-]{subsection.1.8.2}{\376\377\005\323\005\325\005\322\005\336\005\324\000\040\0002\000:\000\040\005\321\005\327\005\331\005\350\005\324\000\040\005\321\005\331\005\337\000\040\000C\000l\000a\000u\000d\000e\000\040\005\334\000-\000G\000P\000T\000\040\005\334\005\352\005\336\005\331\005\333\005\352\000\040\005\334\005\347\005\325\005\327\005\325\005\352}{section.1.8}% 26
\BOOKMARK [2][-]{subsection.1.8.3}{\376\377\005\323\005\325\005\322\005\336\005\324\000\040\0003\000:\000\040\005\352\005\333\005\340\005\325\005\337\000\040\005\320\005\341\005\330\005\350\005\330\005\322\005\331\005\331\005\352\000\040\000M\000u\000l\000t\000i\000-\000M\000o\000d\000e\000l}{section.1.8}% 27
\BOOKMARK [1][-]{section.1.9}{\376\377\005\352\005\350\005\322\005\331\005\334\005\331\005\335}{chapter.1}% 28
\BOOKMARK [2][-]{subsection.1.9.1}{\376\377\005\352\005\350\005\322\005\331\005\334\000\040\005\352\005\331\005\320\005\325\005\350\005\330\005\331\000\040\0001\000:\000\040\005\321\005\340\005\331\005\331\005\352\000\040\000S\000c\000o\000r\000e\000c\000a\000r\000d\000\040\005\334\005\324\005\351\005\325\005\325\005\320\005\352\000\040\000L\000L\000M\000s}{section.1.9}% 29
\BOOKMARK [2][-]{subsection.1.9.2}{\376\377\005\352\005\350\005\322\005\331\005\334\000\040\005\352\005\331\005\320\005\325\005\350\005\330\005\331\000\040\0002\000:\000\040\005\327\005\331\005\351\005\325\005\321\000\040\000S\000w\000i\000t\000c\000h\000i\000n\000g\000\040\000C\000o\000s\000t}{section.1.9}% 30
\BOOKMARK [2][-]{subsection.1.9.3}{\376\377\005\352\005\350\005\322\005\331\005\334\000\040\005\352\005\331\005\320\005\325\005\350\005\330\005\331\000\040\0003\000:\000\040\005\352\005\333\005\340\005\325\005\337\000\040\005\320\005\341\005\330\005\350\005\330\005\322\005\331\005\331\005\352\000\040\000C\000o\000n\000t\000e\000x\000t\000\040\000M\000a\000n\000a\000g\000e\000m\000e\000n\000t}{section.1.9}% 31
\BOOKMARK [2][-]{subsection.1.9.4}{\376\377\005\352\005\350\005\322\005\331\005\334\000\040\005\352\005\331\005\320\005\325\005\350\005\330\005\331\000\040\0004\000:\000\040\005\340\005\331\005\352\005\325\005\327\000\040\000V\000e\000n\000d\000o\000r\000\040\000L\000o\000c\000k\000-\000i\000n}{section.1.9}% 32
\BOOKMARK [2][-]{subsection.1.9.5}{\376\377\005\352\005\350\005\322\005\331\005\334\000\040\005\352\005\331\005\320\005\325\005\350\005\330\005\331\000\040\0005\000:\000\040\005\321\005\340\005\331\005\331\005\352\000\040\000R\000o\000a\000d\000m\000a\000p\000\040\005\330\005\333\005\340\005\325\005\334\005\325\005\322\005\331\000\040\005\334\000-\0003\000\040\005\351\005\340\005\331\005\335}{section.1.9}% 33
\BOOKMARK [2][-]{subsection.1.9.6}{\376\377\005\352\005\350\005\322\005\331\005\334\000\040\005\347\005\325\005\323\000\040\0006\000:\000\040\005\324\005\351\005\325\005\325\005\320\005\352\000\040\005\321\005\331\005\346\005\325\005\342\005\331\000\040\005\336\005\325\005\323\005\334\005\331\005\335\000\040\005\320\005\325\005\330\005\325\005\336\005\330\005\331\005\352}{section.1.9}% 34
\BOOKMARK [2][-]{subsection.1.9.7}{\376\377\005\352\005\350\005\322\005\331\005\334\000\040\005\347\005\325\005\323\000\040\0007\000:\000\040\005\340\005\331\005\324\005\325\005\334\000\040\005\326\005\331\005\333\005\350\005\325\005\337\000\040\005\351\005\331\005\327\005\324\000\040\005\342\005\335\000\040\005\341\005\331\005\333\005\325\005\335}{section.1.9}% 35
\BOOKMARK [1][-]{section.1.10}{\376\377\005\341\005\331\005\333\005\325\005\335}{chapter.1}% 36
