\BOOKMARK [0][-]{chapter.7}{\376\377\000R\000A\000G\000\040\000-\000\040\005\324\005\326\005\350\005\347\005\352\000\040\005\331\005\323\005\342\000\040\005\320\005\350\005\322\005\325\005\340\005\331\000\040\005\334\005\321\005\331\005\340\005\324\000\040\005\324\005\336\005\334\005\320\005\333\005\325\005\352\005\331\005\352}{}% 1
\BOOKMARK [1][-]{section.7.1}{\376\377\005\324\005\336\005\324\005\344\005\333\005\324\000\040\005\324\005\351\005\347\005\330\005\324\000\040\005\321\005\331\005\323\005\342\000\040\005\324\005\320\005\350\005\322\005\325\005\340\005\331}{chapter.7}% 2
\BOOKMARK [1][-]{section.7.2}{\376\377\005\336\005\324\005\325\000\040\000R\000A\000G\000?\000\040\005\324\005\351\005\331\005\334\005\325\005\321\000\040\005\351\005\336\005\351\005\340\005\324\000\040\005\324\005\333\005\334}{chapter.7}% 3
\BOOKMARK [2][-]{subsection.7.2.1}{\376\377\005\324\005\321\005\342\005\331\005\324\000:\000\040\005\331\005\323\005\342\000\040\005\341\005\330\005\330\005\331\000\040\005\321\005\342\005\325\005\334\005\335\000\040\005\323\005\331\005\340\005\336\005\331}{section.7.2}% 4
\BOOKMARK [2][-]{subsection.7.2.2}{\376\377\005\324\005\344\005\352\005\350\005\325\005\337\000:\000\040\005\320\005\327\005\326\005\325\005\350\000\040\005\347\005\325\005\323\005\335\000\040\005\331\005\346\005\331\005\350\005\324}{section.7.2}% 5
\BOOKMARK [2][-]{subsection.7.2.3}{\376\377\005\334\005\336\005\324\000\040\005\326\005\324\000\040\005\342\005\325\005\321\005\323\000\040\005\333\005\334\000\040\005\333\005\332\000\040\005\330\005\325\005\321\000?}{section.7.2}% 6
\BOOKMARK [1][-]{section.7.3}{\376\377\005\324\005\320\005\350\005\333\005\331\005\330\005\347\005\330\005\325\005\350\005\324\000:\000\040\005\336\005\341\005\342\000\040\005\324\005\340\005\352\005\325\005\340\005\331\005\335\000\040\005\323\005\350\005\332\000\040\005\324\005\336\005\342\005\350\005\333\005\352}{chapter.7}% 7
\BOOKMARK [2][-]{subsection.7.3.1}{\376\377\005\351\005\334\005\321\000\040\0001\000:\000\040\005\324\005\333\005\340\005\352\000\040\005\324\005\336\005\341\005\336\005\333\005\331\005\335\000\040\000-\000\040\000C\000h\000u\000n\000k\000i\000n\000g}{section.7.3}% 8
\BOOKMARK [2][-]{subsection.7.3.2}{\376\377\005\351\005\334\005\321\000\040\0002\000:\000\040\005\331\005\346\005\331\005\350\005\352\000\040\000E\000m\000b\000e\000d\000d\000i\000n\000g\000s\000\040\000-\000\040\005\324\005\344\005\331\005\333\005\352\000\040\005\330\005\347\005\341\005\330\000\040\005\334\005\336\005\341\005\344\005\350\005\331\005\335}{section.7.3}% 9
\BOOKMARK [2][-]{subsection.7.3.3}{\376\377\005\351\005\334\005\321\000\040\0003\000:\000\040\005\320\005\327\005\341\005\325\005\337\000\040\005\321\005\336\005\320\005\322\005\350\000\040\005\325\005\347\005\330\005\325\005\350\005\331\000\040\000-\000\040\000V\000e\000c\000t\000o\000r\000\040\000D\000a\000t\000a\000b\000a\000s\000e}{section.7.3}% 10
\BOOKMARK [2][-]{subsection.7.3.4}{\376\377\005\351\005\334\005\321\000\040\0004\000:\000\040\005\327\005\331\005\344\005\325\005\351\000\040\000-\000\040\000R\000e\000t\000r\000i\000e\000v\000a\000l}{section.7.3}% 11
\BOOKMARK [2][-]{subsection.7.3.5}{\376\377\005\351\005\334\005\321\000\040\0005\000:\000\040\005\331\005\346\005\331\005\350\005\352\000\040\005\324\005\352\005\351\005\325\005\321\005\324\000\040\000-\000\040\000G\000e\000n\000e\000r\000a\000t\000i\000o\000n}{section.7.3}% 12
\BOOKMARK [1][-]{section.7.4}{\376\377\005\336\005\323\005\331\005\323\005\352\000\040\005\324\005\346\005\334\005\327\005\324\000:\000\040\000E\000v\000a\000l\000u\000a\000t\000i\000o\000n\000\040\000M\000e\000t\000r\000i\000c\000s}{chapter.7}% 13
\BOOKMARK [2][-]{subsection.7.4.1}{\376\377\000R\000e\000c\000a\000l\000l\000\040\000-\000\040\005\324\005\320\005\335\000\040\005\336\005\346\005\320\005\340\005\325\000\040\005\320\005\352\000\040\005\333\005\334\000\040\005\324\005\350\005\334\005\325\005\325\005\340\005\330\005\331\000?}{section.7.4}% 14
\BOOKMARK [2][-]{subsection.7.4.2}{\376\377\000P\000r\000e\000c\000i\000s\000i\000o\000n\000\040\000-\000\040\005\324\005\320\005\335\000\040\005\336\005\324\000\040\005\351\005\336\005\346\005\320\005\340\005\325\000\040\005\321\005\320\005\336\005\352\000\040\005\350\005\334\005\325\005\325\005\340\005\330\005\331\000?}{section.7.4}% 15
\BOOKMARK [2][-]{subsection.7.4.3}{\376\377\000F\0001\000\040\000S\000c\000o\000r\000e\000\040\000-\000\040\005\324\005\320\005\331\005\326\005\325\005\337\000\040\005\324\005\336\005\325\005\351\005\334\005\335}{section.7.4}% 16
\BOOKMARK [2][-]{subsection.7.4.4}{\376\377\005\336\005\323\005\323\005\331\005\335\000\040\005\320\005\331\005\333\005\325\005\352\005\331\005\331\005\335\000\040\005\340\005\325\005\341\005\344\005\331\005\335}{section.7.4}% 17
\BOOKMARK [1][-]{section.7.5}{\376\377\005\323\005\325\005\322\005\336\005\320\005\325\005\352\000\040\005\336\005\342\005\351\005\331\005\325\005\352\000:\000\040\000R\000A\000G\000\040\005\321\005\344\005\342\005\325\005\334\005\324}{chapter.7}% 18
\BOOKMARK [2][-]{subsection.7.5.1}{\376\377\005\323\005\325\005\322\005\336\005\324\000\040\0001\000:\000\040\000R\000A\000G\000\040\005\342\005\334\000\040\005\336\005\320\005\322\005\350\000\040\005\336\005\323\005\331\005\340\005\331\005\325\005\352\000\040\000H\000R}{section.7.5}% 19
\BOOKMARK [2][-]{subsection.7.5.2}{\376\377\005\323\005\325\005\322\005\336\005\324\000\040\0002\000:\000\040\000R\000A\000G\000\040\005\342\005\334\000\040\005\352\005\331\005\342\005\325\005\323\000\040\005\330\005\333\005\340\005\331\000\040\005\351\005\334\000\040\005\336\005\325\005\346\005\350\005\331\005\335}{section.7.5}% 20
\BOOKMARK [2][-]{subsection.7.5.3}{\376\377\005\323\005\325\005\322\005\336\005\324\000\040\0003\000:\000\040\000R\000A\000G\000\040\005\342\005\334\000\040\005\324\005\331\005\341\005\330\005\325\005\350\005\331\005\331\005\352\000\040\005\352\005\336\005\331\005\333\005\352\000\040\005\334\005\347\005\325\005\327\005\325\005\352}{section.7.5}% 21
\BOOKMARK [1][-]{section.7.6}{\376\377\005\320\005\352\005\322\005\350\005\331\005\335\000\040\005\325\005\344\005\352\005\350\005\325\005\340\005\325\005\352\000:\000\040\005\336\005\324\000\040\005\351\005\320\005\343\000\040\005\320\005\327\005\323\000\040\005\334\005\320\000\040\005\336\005\341\005\344\005\350\000\040\005\334\005\333\005\335}{chapter.7}% 22
\BOOKMARK [2][-]{subsection.7.6.1}{\376\377\005\320\005\352\005\322\005\350\000\040\0001\000:\000\040\000"\005\326\005\324\000\040\005\334\005\320\000\040\005\342\005\325\005\321\005\323\000\040\005\321\005\342\005\321\005\350\005\331\005\352\000"}{section.7.6}% 23
\BOOKMARK [2][-]{subsection.7.6.2}{\376\377\005\320\005\352\005\322\005\350\000\040\0002\000:\000\040\000"\005\324\005\336\005\342\005\350\005\333\005\352\000\040\005\324\005\326\005\331\005\324\000"}{section.7.6}% 24
\BOOKMARK [2][-]{subsection.7.6.3}{\376\377\005\320\005\352\005\322\005\350\000\040\0003\000:\000\040\000"\005\324\005\336\005\331\005\323\005\342\000\040\005\336\005\331\005\325\005\351\005\337\000"}{section.7.6}% 25
\BOOKMARK [2][-]{subsection.7.6.4}{\376\377\005\320\005\352\005\322\005\350\000\040\0004\000:\000\040\000"\005\326\005\324\000\040\005\336\005\320\005\325\005\323\000\040\005\331\005\347\005\350\000"}{section.7.6}% 26
\BOOKMARK [1][-]{section.7.7}{\376\377\005\352\005\333\005\340\005\325\005\337\000\040\005\352\005\324\005\334\005\331\005\332\000\040\005\342\005\323\005\333\005\325\005\337\000\040\005\331\005\323\005\342\000\040\005\321\000-\000R\000A\000G}{chapter.7}% 27
\BOOKMARK [2][-]{subsection.7.7.1}{\376\377\005\320\005\341\005\330\005\350\005\330\005\322\005\331\005\325\005\352\000\040\005\342\005\323\005\333\005\325\005\337}{section.7.7}% 28
\BOOKMARK [2][-]{subsection.7.7.2}{\376\377\000P\000i\000p\000e\000l\000i\000n\000e\000\040\005\342\005\323\005\333\005\325\005\337\000\040\005\336\005\325\005\336\005\334\005\345}{section.7.7}% 29
\BOOKMARK [1][-]{section.7.8}{\376\377\005\321\005\340\005\331\005\331\005\352\000\040\005\352\005\350\005\321\005\325\005\352\000\040\005\340\005\352\005\325\005\340\005\331\005\335\000:\000\040\005\324\005\336\005\344\005\352\005\327\000\040\005\334\005\324\005\346\005\334\005\327\005\352\000\040\000R\000A\000G}{chapter.7}% 30
\BOOKMARK [2][-]{subsection.7.8.1}{\376\377\005\320\005\331\005\333\005\325\005\352\000\040\005\340\005\352\005\325\005\340\005\331\005\335\000\040\005\324\005\331\005\320\000\040\005\324\005\333\005\334}{section.7.8}% 31
\BOOKMARK [2][-]{subsection.7.8.2}{\376\377\005\351\005\331\005\340\005\325\005\331\000\040\005\352\005\350\005\321\005\325\005\352\005\331}{section.7.8}% 32
\BOOKMARK [1][-]{section.7.9}{\376\377\005\324\005\342\005\352\005\331\005\323\000:\000\040\005\334\005\320\005\337\000\040\005\324\005\325\005\334\005\332\000\040\000R\000A\000G\000?}{chapter.7}% 33
\BOOKMARK [2][-]{subsection.7.9.1}{\376\377\005\330\005\350\005\340\005\323\005\331\005\335\000\040\005\336\005\352\005\342\005\325\005\350\005\350\005\331\005\335}{section.7.9}% 34
\BOOKMARK [2][-]{subsection.7.9.2}{\376\377\005\324\005\320\005\352\005\322\005\350\005\331\005\335\000\040\005\324\005\321\005\320\005\331\005\335}{section.7.9}% 35
\BOOKMARK [1][-]{section.7.10}{\376\377\005\341\005\331\005\333\005\325\005\335\000:\000\040\000R\000A\000G\000\040\005\333\005\336\005\347\005\325\005\350\000\040\005\331\005\352\005\350\005\325\005\337\000\040\005\352\005\327\005\350\005\325\005\352\005\331}{chapter.7}% 36
\BOOKMARK [1][-]{section.7.11}{\376\377\005\352\005\350\005\322\005\331\005\334\005\331\005\335}{chapter.7}% 37
\BOOKMARK [2][-]{subsection.7.11.1}{\376\377\005\352\005\350\005\322\005\331\005\334\005\331\005\335\000\040\005\352\005\331\005\320\005\325\005\350\005\330\005\331\005\331\005\335}{section.7.11}% 38
\BOOKMARK [2][-]{subsection.7.11.2}{\376\377\005\352\005\350\005\322\005\331\005\334\005\331\000\040\005\347\005\325\005\323\000\040\000-\000\040\000P\000y\000t\000h\000o\000n}{section.7.11}% 39
