\BOOKMARK [1][-]{section*.1}{\376\377\0001\000\040\005\344\005\350\005\325\005\330\005\325\005\347\005\325\005\334\000\040\005\324\005\324\005\347\005\351\005\350\000\040\000-\000\040\000M\000C\000P\000\040\005\333\005\322\005\351\005\350\000\040\005\321\005\331\005\337\000\040\000A\000I\000\040\005\334\005\342\005\325\005\334\005\335\000\040\005\324\005\342\005\341\005\347\005\331}{}% 1
\BOOKMARK [1][-]{section*.1}{\376\377\005\336\005\330\005\350\005\325\005\352\000\040\005\324\005\334\005\336\005\331\005\323\005\324}{}% 2
\BOOKMARK [1][-]{section*.1}{\376\377\005\324\005\347\005\323\005\336\005\324}{}% 3
\BOOKMARK [2][-]{section*.2}{\376\377\0001\000.\0001\000\040\000M\000o\000d\000e\000l\000\040\000C\000o\000n\000t\000e\000x\000t\000\040\000P\000r\000o\000t\000o\000c\000o\000l\000\040\000\050\000M\000C\000P\000\051\000\040\000-\000\040\005\336\005\324\005\325\000\040\005\325\005\336\005\323\005\325\005\342\000\040\005\324\005\325\005\320\000\040\005\336\005\351\005\340\005\324\000\040\005\320\005\352\000\040\005\324\005\336\005\351\005\327\005\347\000?}{section*.1}% 4
\BOOKMARK [3][-]{section*.3}{\376\377\0001\000.\0001\000.\0001\000\040\005\324\005\336\005\324\005\325\005\352\000\040\005\351\005\334\000\040\000M\000C\000P}{section*.2}% 5
\BOOKMARK [3][-]{section*.4}{\376\377\0001\000.\0001\000.\0002\000\040\005\324\005\320\005\350\005\333\005\331\005\330\005\347\005\330\005\325\005\350\005\324\000:\000\040\005\334\005\347\005\325\005\327\005\325\005\352\000,\000\040\005\351\005\350\005\352\005\331\005\335\000,\000\040\005\325\005\324\005\347\005\351\005\350}{section*.2}% 6
\BOOKMARK [3][-]{section*.6}{\376\377\0001\000.\0001\000.\0003\000\040\005\351\005\334\005\325\005\351\005\352\000\040\005\324\005\331\005\352\005\350\005\325\005\340\005\325\005\352\000\040\005\324\005\336\005\324\005\344\005\333\005\340\005\331\005\331\005\335}{section*.2}% 7
\BOOKMARK [2][-]{section*.11}{\376\377\0001\000.\0002\000\040\000M\000C\000P\000\040\005\334\005\342\005\325\005\336\005\352\000\040\000R\000E\000S\000T\000\040\000A\000P\000I\000:\000\040\005\336\005\352\005\331\000\040\005\334\005\324\005\351\005\352\005\336\005\351\000\040\005\321\005\333\005\334\000\040\005\320\005\327\005\323\000?}{section*.1}% 8
\BOOKMARK [3][-]{section*.12}{\376\377\0001\000.\0002\000.\0001\000\040\005\324\005\321\005\323\005\334\005\331\005\335\000\040\005\336\005\324\005\325\005\352\005\331\005\331\005\335}{section*.11}% 9
\BOOKMARK [3][-]{section*.14}{\376\377\0001\000.\0002\000.\0002\000\040\005\333\005\351\005\333\005\323\005\320\005\331\000\040\005\334\005\324\005\351\005\352\005\336\005\351\000\040\005\321\000-\000R\000E\000S\000T\000\040\000A\000P\000I}{section*.11}% 10
\BOOKMARK [3][-]{section*.15}{\376\377\0001\000.\0002\000.\0003\000\040\005\333\005\351\005\333\005\323\005\320\005\331\000\040\005\334\005\324\005\351\005\352\005\336\005\351\000\040\005\321\000-\000M\000C\000P}{section*.11}% 11
\BOOKMARK [3][-]{section*.16}{\376\377\0001\000.\0002\000.\0004\000\040\005\320\005\331\005\332\000\040\005\324\005\335\000\040\005\342\005\325\005\321\005\323\005\331\005\335\000\040\005\321\005\331\005\327\005\323\000?}{section*.11}% 12
\BOOKMARK [2][-]{section*.17}{\376\377\0001\000.\0003\000\040\005\351\005\350\005\352\005\331\000\040\000M\000C\000P\000\040\005\326\005\336\005\331\005\340\005\331\005\335\000:\000\040\005\336\005\344\005\352\000\040\005\324\005\320\005\347\005\325\005\341\005\331\005\341\005\330\005\335}{section*.1}% 13
\BOOKMARK [3][-]{section*.18}{\376\377\0001\000.\0003\000.\0001\000\040\005\324\005\346\005\336\005\331\005\327\005\324\000\040\005\324\005\336\005\324\005\331\005\350\005\324\000\040\005\351\005\334\000\040\005\324\005\320\005\347\005\325\005\341\005\331\005\341\005\330\005\335}{section*.17}% 14
\BOOKMARK [3][-]{section*.19}{\376\377\0001\000.\0003\000.\0002\000\040\005\336\005\347\005\325\005\350\005\325\005\352\000\040\005\334\005\336\005\346\005\331\005\320\005\352\000\040\005\351\005\350\005\352\005\331\000\040\000M\000C\000P}{section*.17}% 15
\BOOKMARK [3][-]{section*.22}{\376\377\0001\000.\0003\000.\0003\000\040\005\323\005\325\005\322\005\336\005\320\005\325\005\352\000\040\005\334\005\351\005\350\005\352\005\331\000\040\000M\000C\000P\000\040\005\344\005\325\005\344\005\325\005\334\005\350\005\331\005\331\005\335}{section*.17}% 16
\BOOKMARK [3][-]{section*.29}{\376\377\0001\000.\0003\000.\0004\000\040\005\351\005\350\005\352\005\331\000\040\000M\000C\000P\000\040\005\336\005\350\005\325\005\327\005\347\005\331\005\335\000\040\000\050\000R\000e\000m\000o\000t\000e\000\040\000M\000C\000P\000\040\000S\000e\000r\000v\000e\000r\000s\000\051}{section*.17}% 17
\BOOKMARK [2][-]{section*.30}{\376\377\0001\000.\0004\000\040\005\352\005\350\005\327\005\331\005\351\005\331\000\040\005\351\005\331\005\336\005\325\005\351\000\040\005\342\005\341\005\347\005\331\005\331\005\335\000\040\005\321\000-\000M\000C\000P}{section*.1}% 18
\BOOKMARK [3][-]{section*.31}{\376\377\0001\000.\0004\000.\0001\000\040\005\327\005\331\005\321\005\325\005\350\000\040\000C\000l\000a\000u\000d\000e\000\040\005\334\005\336\005\320\005\322\005\350\000\040\005\340\005\352\005\325\005\340\005\331\005\335\000\040\005\344\005\340\005\331\005\336\005\331}{section*.30}% 19
\BOOKMARK [3][-]{section*.32}{\376\377\0001\000.\0004\000.\0002\000\040\005\322\005\331\005\351\005\324\000\040\005\334\005\347\005\321\005\346\005\331\005\335\000\040\005\325\005\336\005\341\005\336\005\333\005\331\005\335\000\040\005\320\005\350\005\322\005\325\005\340\005\331\005\331\005\335}{section*.30}% 20
\BOOKMARK [3][-]{section*.33}{\376\377\0001\000.\0004\000.\0003\000\040\005\320\005\331\005\340\005\330\005\322\005\350\005\346\005\331\005\324\000\040\005\342\005\335\000\040\005\333\005\334\005\331\000\040\005\340\005\331\005\324\005\325\005\334\000\040\005\344\005\350\005\325\005\331\005\347\005\330\005\331\005\335}{section*.30}% 21
\BOOKMARK [2][-]{section*.34}{\376\377\0001\000.\0005\000\040\005\320\005\321\005\330\005\327\005\324\000\040\005\321\000-\000M\000C\000P\000:\000\040\005\324\005\350\005\351\005\320\005\325\005\352\000,\000\040\005\321\005\347\005\350\005\324\000,\000\040\005\325\005\341\005\331\005\333\005\325\005\340\005\331\005\335}{section*.1}% 22
\BOOKMARK [3][-]{section*.35}{\376\377\0001\000.\0005\000.\0001\000\040\005\320\005\352\005\322\005\350\005\331\000\040\005\320\005\321\005\330\005\327\005\324\000\040\005\331\005\331\005\327\005\325\005\323\005\331\005\331\005\335\000\040\005\334\000-\000M\000C\000P}{section*.34}% 23
\BOOKMARK [3][-]{section*.39}{\376\377\0001\000.\0005\000.\0002\000\040\005\342\005\347\005\350\005\325\005\340\005\325\005\352\000\040\005\320\005\321\005\330\005\327\005\324\000\040\005\334\000-\000M\000C\000P}{section*.34}% 24
\BOOKMARK [2][-]{section*.44}{\376\377\0001\000.\0006\000\040\005\340\005\325\005\341\005\327\005\320\005\325\005\352\000\040\005\336\005\340\005\324\005\334\005\331\005\325\005\352\000:\000\040\005\336\005\323\005\331\005\323\005\352\000\040\005\331\005\342\005\331\005\334\005\325\005\352\000\040\005\325\005\342\005\334\005\325\005\352\000\040\005\351\005\334\000\040\000M\000C\000P}{section*.1}% 25
\BOOKMARK [3][-]{section*.45}{\376\377\0001\000.\0006\000.\0001\000\040\005\331\005\342\005\331\005\334\005\325\005\352\000\040\005\324\005\347\005\351\005\350\000\040\000\050\000C\000o\000n\000t\000e\000x\000t\000\040\000E\000f\000f\000i\000c\000i\000e\000n\000c\000y\000\051}{section*.44}% 26
\BOOKMARK [3][-]{section*.46}{\376\377\0001\000.\0006\000.\0002\000\040\005\342\005\334\005\325\005\352\000\040\005\324\005\347\005\351\005\350\000\040\000\050\000C\000o\000n\000t\000e\000x\000t\000\040\000C\000o\000s\000t\000\051}{section*.44}% 27
\BOOKMARK [3][-]{section*.47}{\376\377\0001\000.\0006\000.\0003\000\040\005\326\005\336\005\337\000\040\005\320\005\331\005\340\005\330\005\322\005\350\005\346\005\331\005\324\000\040\000\050\000I\000n\000t\000e\000g\000r\000a\000t\000i\000o\000n\000\040\000T\000i\000m\000e\000\051}{section*.44}% 28
\BOOKMARK [2][-]{section*.48}{\376\377\0001\000.\0007\000\040\005\342\005\352\005\331\005\323\000\040\005\324\005\344\005\350\005\325\005\330\005\325\005\347\005\325\005\334\000:\000\040\005\333\005\331\005\325\005\325\005\340\005\331\005\335\000\040\005\325\005\336\005\322\005\336\005\325\005\352}{section*.1}% 29
\BOOKMARK [3][-]{section*.49}{\376\377\0001\000.\0007\000.\0001\000\040\005\336\000-\005\344\005\350\005\325\005\331\005\347\005\330\000\040\005\344\005\350\005\330\005\331\000\040\005\334\005\341\005\330\005\340\005\323\005\350\005\330\000\040\005\352\005\342\005\351\005\331\005\331\005\352\005\331}{section*.48}% 30
\BOOKMARK [3][-]{section*.50}{\376\377\0001\000.\0007\000.\0002\000\040\005\336\005\322\005\336\005\325\005\352\000\040\005\336\005\350\005\333\005\326\005\331\005\325\005\352\000\040\005\334\005\351\005\340\005\331\005\335\000\040\005\324\005\347\005\350\005\325\005\321\005\325\005\352}{section*.48}% 31
\BOOKMARK [3][-]{section*.56}{\376\377\0001\000.\0007\000.\0003\000\040\005\324\005\351\005\344\005\342\005\324\000\040\005\320\005\350\005\325\005\333\005\352\000\040\005\330\005\325\005\325\005\327\000:\000\040\005\342\005\331\005\323\005\337\000\040\005\324\005\341\005\325\005\333\005\340\005\331\005\335}{section*.48}% 32
\BOOKMARK [2][-]{section*.57}{\376\377\0001\000.\0008\000\040\005\352\005\350\005\322\005\331\005\334\005\331\005\335}{section*.1}% 33
\BOOKMARK [3][-]{section*.58}{\376\377\0001\000.\0008\000.\0001\000\040\005\352\005\350\005\322\005\331\005\334\005\331\005\335\000\040\005\352\005\331\005\320\005\325\005\350\005\330\005\331\005\331\005\335}{section*.57}% 34
\BOOKMARK [3][-]{section*.59}{\376\377\0001\000.\0008\000.\0002\000\040\005\352\005\350\005\322\005\331\005\334\000\040\005\352\005\333\005\340\005\325\005\352\000:\000\040\005\327\005\331\005\321\005\325\005\350\000\040\005\334\005\351\005\350\005\352\000\040\000M\000C\000P}{section*.57}% 35
\BOOKMARK [1][-]{Item.45}{\376\377\005\341\005\331\005\333\005\325\005\335}{}% 36
\BOOKMARK [1][-]{Item.45}{\376\377\005\336\005\347\005\325\005\350\005\325\005\352}{}% 37
