\BOOKMARK [0][-]{chapter.8}{\376\377\005\320\005\336\005\340\005\325\005\352\000\040\005\324\005\344\005\350\005\325\005\336\005\344\005\330\000\040\000-\000\040\005\320\005\331\005\332\000\040\005\334\005\323\005\321\005\350\000\040\005\342\005\335\000\040\005\336\005\333\005\325\005\340\005\325\005\352\000\040\005\327\005\333\005\336\005\325\005\352}{}% 1
\BOOKMARK [1][-]{section.8.1}{\376\377\005\336\005\321\005\325\005\320\000:\000\040\005\324\005\351\005\344\005\324\000\040\005\324\005\327\005\323\005\351\005\324\000\040\005\351\005\334\000\040\005\324\005\340\005\331\005\324\005\325\005\334}{chapter.8}% 2
\BOOKMARK [1][-]{section.8.2}{\376\377\005\320\005\340\005\330\005\325\005\336\005\331\005\324\000\040\005\351\005\334\000\040\005\344\005\350\005\325\005\336\005\344\005\330\000\040\005\336\005\325\005\351\005\334\005\335}{chapter.8}% 3
\BOOKMARK [2][-]{subsection.8.2.1}{\376\377\005\350\005\333\005\331\005\321\005\331\000\040\005\324\005\344\005\350\005\325\005\336\005\344\005\330}{section.8.2}% 4
\BOOKMARK [2][-]{subsection.8.2.2}{\376\377\005\323\005\325\005\322\005\336\005\324\000:\000\040\005\344\005\350\005\325\005\336\005\344\005\330\000\040\005\336\005\325\005\321\005\340\005\324\000\040\005\334\005\340\005\331\005\352\005\325\005\327\000\040\005\351\005\325\005\347}{section.8.2}% 5
\BOOKMARK [1][-]{section.8.3}{\376\377\000S\000y\000s\000t\000e\000m\000\040\000P\000r\000o\000m\000p\000t\000\040\005\334\005\342\005\325\005\336\005\352\000\040\000U\000s\000e\000r\000\040\000P\000r\000o\000m\000p\000t}{chapter.8}% 6
\BOOKMARK [2][-]{subsection.8.3.1}{\376\377\000S\000y\000s\000t\000e\000m\000\040\000P\000r\000o\000m\000p\000t\000\040\000-\000\040\005\324\005\324\005\322\005\323\005\350\005\324\000\040\005\324\005\320\005\350\005\322\005\325\005\340\005\331\005\352}{section.8.3}% 7
\BOOKMARK [2][-]{subsection.8.3.2}{\376\377\000U\000s\000e\000r\000\040\000P\000r\000o\000m\000p\000t\000\040\000-\000\040\005\324\005\321\005\347\005\351\005\324\000\040\005\324\005\341\005\344\005\346\005\331\005\344\005\331\005\352}{section.8.3}% 8
\BOOKMARK [2][-]{subsection.8.3.3}{\376\377\005\323\005\325\005\322\005\336\005\324\000\040\005\336\005\342\005\351\005\331\005\352\000:\000\040\005\341\005\325\005\333\005\337\000\040\005\336\005\333\005\331\005\350\005\325\005\352\000\040\000A\000I}{section.8.3}% 9
\BOOKMARK [1][-]{section.8.4}{\376\377\005\330\005\333\005\340\005\331\005\347\005\325\005\352\000\040\000P\000r\000o\000m\000p\000t\000i\000n\000g\000\040\005\336\005\352\005\347\005\323\005\336\005\325\005\352}{chapter.8}% 10
\BOOKMARK [2][-]{subsection.8.4.1}{\376\377\000Z\000e\000r\000o\000-\000S\000h\000o\000t\000\040\000P\000r\000o\000m\000p\000t\000i\000n\000g}{section.8.4}% 11
\BOOKMARK [2][-]{subsection.8.4.2}{\376\377\000F\000e\000w\000-\000S\000h\000o\000t\000\040\000P\000r\000o\000m\000p\000t\000i\000n\000g}{section.8.4}% 12
\BOOKMARK [2][-]{subsection.8.4.3}{\376\377\000C\000h\000a\000i\000n\000-\000o\000f\000-\000T\000h\000o\000u\000g\000h\000t\000\040\000\050\000C\000o\000T\000\051\000\040\000P\000r\000o\000m\000p\000t\000i\000n\000g}{section.8.4}% 13
\BOOKMARK [1][-]{section.8.5}{\376\377\000R\000o\000l\000e\000\040\000P\000l\000a\000y\000i\000n\000g\000\040\000-\000\040\005\324\005\322\005\323\005\350\005\352\000\040\005\352\005\344\005\347\005\331\005\323\005\331\005\335}{chapter.8}% 14
\BOOKMARK [2][-]{subsection.8.5.1}{\376\377\005\342\005\347\005\350\005\325\005\340\005\325\005\352\000\040\005\334\005\324\005\322\005\323\005\350\005\352\000\040\005\352\005\344\005\347\005\331\005\323\000\040\005\320\005\344\005\347\005\330\005\331\005\321\005\331\005\352}{section.8.5}% 15
\BOOKMARK [1][-]{section.8.6}{\376\377\005\342\005\331\005\346\005\325\005\321\000\040\005\344\005\325\005\350\005\336\005\330\000\040\005\324\005\344\005\334\005\330}{chapter.8}% 16
\BOOKMARK [2][-]{subsection.8.6.1}{\376\377\000J\000S\000O\000N\000\040\000-\000\040\005\344\005\325\005\350\005\336\005\330\000\040\005\334\005\336\005\333\005\325\005\340\005\325\005\352}{section.8.6}% 17
\BOOKMARK [2][-]{subsection.8.6.2}{\376\377\000M\000a\000r\000k\000d\000o\000w\000n\000\040\000-\000\040\005\344\005\325\005\350\005\336\005\330\000\040\005\334\005\321\005\340\005\331\000\040\005\320\005\323\005\335}{section.8.6}% 18
\BOOKMARK [2][-]{subsection.8.6.3}{\376\377\005\330\005\321\005\334\005\320\005\325\005\352\000\040\005\325\005\346\005\325\005\350\005\325\005\352\000\040\005\336\005\325\005\321\005\340\005\325\005\352\000\040\005\320\005\327\005\350\005\325\005\352}{section.8.6}% 19
\BOOKMARK [1][-]{section.8.7}{\376\377\005\340\005\325\005\341\005\327\005\320\005\325\005\352\000\040\005\340\005\331\005\324\005\325\005\334\005\331\005\325\005\352\000\040\005\334\005\336\005\323\005\331\005\323\005\352\000\040\005\331\005\342\005\331\005\334\005\325\005\352}{chapter.8}% 20
\BOOKMARK [2][-]{subsection.8.7.1}{\376\377\000P\000r\000o\000m\000p\000t\000\040\000E\000f\000f\000i\000c\000i\000e\000n\000c\000y\000\040\000-\000\040\005\331\005\342\005\331\005\334\005\325\005\352\000\040\005\324\005\344\005\350\005\325\005\336\005\344\005\330}{section.8.7}% 21
\BOOKMARK [2][-]{subsection.8.7.2}{\376\377\000C\000o\000n\000s\000i\000s\000t\000e\000n\000c\000y\000\040\000S\000c\000o\000r\000e\000\040\000-\000\040\005\342\005\347\005\321\005\331\005\325\005\352\000\040\005\352\005\351\005\325\005\321\005\325\005\352}{section.8.7}% 22
\BOOKMARK [2][-]{subsection.8.7.3}{\376\377\000F\000i\000r\000s\000t\000-\000T\000i\000m\000e\000\040\000S\000u\000c\000c\000e\000s\000s\000\040\000R\000a\000t\000e}{section.8.7}% 23
\BOOKMARK [2][-]{subsection.8.7.4}{\376\377\000C\000o\000s\000t\000\040\000p\000e\000r\000\040\000Q\000u\000a\000l\000i\000t\000y\000\040\000O\000u\000t\000p\000u\000t\000\040\000\050\000C\000P\000Q\000O\000\051}{section.8.7}% 24
\BOOKMARK [1][-]{section.8.8}{\376\377\005\336\005\323\005\331\005\323\005\324\000\040\005\325\005\351\005\331\005\344\005\325\005\350\000\040\005\336\005\352\005\336\005\331\005\323\000\040\005\351\005\334\000\040\005\344\005\350\005\325\005\336\005\344\005\330\005\331\005\335}{chapter.8}% 25
\BOOKMARK [2][-]{subsection.8.8.1}{\376\377\005\321\005\340\005\331\005\331\005\352\000\040\000T\000e\000s\000t\000\040\000S\000u\000i\000t\000e\000\040\005\334\005\344\005\350\005\325\005\336\005\344\005\330\005\331\005\335}{section.8.8}% 26
\BOOKMARK [2][-]{subsection.8.8.2}{\376\377\000A\000/\000B\000\040\000T\000e\000s\000t\000i\000n\000g\000\040\005\334\005\344\005\350\005\325\005\336\005\344\005\330\005\331\005\335}{section.8.8}% 27
\BOOKMARK [2][-]{subsection.8.8.3}{\376\377\005\352\005\324\005\334\005\331\005\332\000\040\005\351\005\331\005\344\005\325\005\350\000\040\005\336\005\352\005\336\005\331\005\323}{section.8.8}% 28
\BOOKMARK [1][-]{section.8.9}{\376\377\005\323\005\325\005\322\005\336\005\320\005\325\005\352\000\040\005\336\005\342\005\351\005\331\005\325\005\352}{chapter.8}% 29
\BOOKMARK [2][-]{subsection.8.9.1}{\376\377\005\323\005\325\005\322\005\336\005\324\000\040\0001\000:\000\040\005\344\005\350\005\325\005\336\005\344\005\330\000\040\005\336\005\342\005\350\005\333\005\352\000\040\005\334\005\341\005\325\005\333\005\337\000\040\005\336\005\333\005\331\005\350\005\325\005\352}{section.8.9}% 30
\BOOKMARK [2][-]{subsection.8.9.2}{\376\377\005\323\005\325\005\322\005\336\005\324\000\040\0002\000:\000\040\005\340\005\331\005\352\005\325\005\327\000\040\005\336\005\341\005\336\005\333\005\331\005\335\000\040\005\336\005\351\005\344\005\330\005\331\005\331\005\335}{section.8.9}% 31
\BOOKMARK [2][-]{subsection.8.9.3}{\376\377\005\323\005\325\005\322\005\336\005\324\000\040\0003\000:\000\040\000F\000e\000w\000-\000S\000h\000o\000t\000\040\005\334\005\341\005\331\005\325\005\325\005\322\000\040\005\344\005\340\005\331\005\325\005\352}{section.8.9}% 32
\BOOKMARK [1][-]{section.8.10}{\376\377\005\352\005\350\005\322\005\331\005\334\005\331\005\335\000\040\005\336\005\342\005\351\005\331\005\331\005\335}{chapter.8}% 33
\BOOKMARK [2][-]{subsection.8.10.1}{\376\377\005\352\005\350\005\322\005\331\005\334\000\040\0001\000:\000\040\005\333\005\352\005\331\005\321\005\352\000\040\000S\000y\000s\000t\000e\000m\000\040\000P\000r\000o\000m\000p\000t\000\040\005\334\005\340\005\346\005\331\005\322\000\040\005\351\005\331\005\350\005\325\005\352}{section.8.10}% 34
\BOOKMARK [2][-]{subsection.8.10.2}{\376\377\005\352\005\350\005\322\005\331\005\334\000\040\0002\000:\000\040\005\351\005\331\005\344\005\325\005\350\000\040\005\344\005\350\005\325\005\336\005\344\005\330\000\040\005\321\005\320\005\336\005\346\005\342\005\325\005\352\000\040\000C\000h\000a\000i\000n\000-\000o\000f\000-\000T\000h\000o\000u\000g\000h\000t}{section.8.10}% 35
\BOOKMARK [2][-]{subsection.8.10.3}{\376\377\005\352\005\350\005\322\005\331\005\334\000\040\0003\000:\000\040\005\321\005\340\005\331\005\331\005\352\000\040\000P\000r\000o\000m\000p\000t\000\040\000T\000e\000m\000p\000l\000a\000t\000e\000\040\005\334\005\323\005\325\005\327\005\325\005\352\000\040\005\351\005\321\005\325\005\342\005\331\005\331\005\335}{section.8.10}% 36
\BOOKMARK [2][-]{subsection.8.10.4}{\376\377\005\352\005\350\005\322\005\331\005\334\000\040\0004\000:\000\040\005\340\005\331\005\352\005\325\005\327\000\040\005\333\005\351\005\334\005\325\005\337\000\040\005\344\005\350\005\325\005\336\005\344\005\330}{section.8.10}% 37
\BOOKMARK [2][-]{subsection.8.10.5}{\376\377\005\352\005\350\005\322\005\331\005\334\000\040\0005\000:\000\040\005\352\005\333\005\340\005\325\005\337\000\040\000A\000/\000B\000\040\000T\000e\000s\000t\000i\000n\000g\000\040\005\334\005\344\005\350\005\325\005\336\005\344\005\330\005\331\005\335}{section.8.10}% 38
\BOOKMARK [2][-]{subsection.8.10.6}{\376\377\005\352\005\350\005\322\005\331\005\334\000\040\0006\000\040\000\050\000P\000y\000t\000h\000o\000n\000\051\000:\000\040\005\336\005\342\005\350\005\333\005\352\000\040\005\321\005\323\005\331\005\347\005\324\000\040\005\320\005\325\005\330\005\325\005\336\005\330\005\331\005\352\000\040\005\334\005\344\005\350\005\325\005\336\005\344\005\330\005\331\005\335}{section.8.10}% 39
\BOOKMARK [2][-]{subsection.8.10.7}{\376\377\005\352\005\350\005\322\005\331\005\334\000\040\0007\000\040\000\050\000P\000y\000t\000h\000o\000n\000\051\000:\000\040\005\336\005\342\005\350\005\333\005\352\000\040\000T\000e\000m\000p\000l\000a\000t\000e\000\040\005\323\005\331\005\340\005\336\005\331}{section.8.10}% 40
\BOOKMARK [1][-]{section.8.11}{\376\377\005\341\005\331\005\333\005\325\005\335}{chapter.8}% 41
