\BOOKMARK [1][-]{section*.1}{\376\377\0001\000\040\005\341\005\325\005\333\005\340\005\331\005\335\000\040\005\320\005\325\005\330\005\325\005\340\005\325\005\336\005\331\005\331\005\335\000\040\000-\000\040\005\336\000-\000C\000h\000a\000t\000b\000o\000t\000\040\005\334\005\342\005\325\005\321\005\323\000\040\005\323\005\331\005\322\005\331\005\330\005\334\005\331}{}% 1
\BOOKMARK [1][-]{section.2}{\376\377\005\324\005\347\005\323\005\336\005\324\000:\000\040\005\336\005\324\005\344\005\333\005\352\000\040\005\324\005\341\005\325\005\333\005\340\005\331\005\335\000\040\005\324\005\320\005\325\005\330\005\325\005\340\005\325\005\336\005\331\005\331\005\335}{}% 2
\BOOKMARK [1][-]{section.3}{\376\377\005\336\005\346\000'\005\320\005\330\005\321\005\325\005\330\000\040\005\334\005\341\005\325\005\333\005\337\000:\000\040\005\336\005\324\000\040\005\324\005\351\005\352\005\340\005\324\000?}{}% 3
\BOOKMARK [2][-]{subsection.3.1}{\376\377\005\324\005\346\000'\005\320\005\330\005\321\005\325\005\330\000\040\005\324\005\336\005\341\005\325\005\350\005\352\005\331\000:\000\040\005\336\005\322\005\321\005\334\005\325\005\352\000\040\005\325\005\327\005\325\005\326\005\347\005\325\005\352}{section.3}% 4
\BOOKMARK [2][-]{subsection.3.2}{\376\377\005\324\005\341\005\325\005\333\005\337\000\040\005\324\005\320\005\325\005\330\005\325\005\340\005\325\005\336\005\331\000:\000\040\005\344\005\350\005\331\005\346\005\352\000\040\005\323\005\350\005\332\000\040\005\347\005\325\005\340\005\341\005\344\005\330\005\325\005\320\005\334\005\331\005\352}{section.3}% 5
\BOOKMARK [2][-]{subsection.3.3}{\376\377\005\323\005\331\005\320\005\322\005\350\005\336\005\352\000\040\005\324\005\351\005\325\005\325\005\320\005\324\000:\000\040\000C\000h\000a\000t\000b\000o\000t\000\040\000v\000s\000\040\000A\000g\000e\000n\000t\000\040\000v\000s\000\040\000A\000u\000t\000o\000n\000o\000m\000o\000u\000s\000\040\000A\000g\000e\000n\000t}{section.3}% 6
\BOOKMARK [2][-]{subsection.3.4}{\376\377\005\336\005\347\005\350\005\324\000\040\005\321\005\325\005\327\005\337\000:\000\040\005\336\005\352\005\326\005\336\005\325\005\337\000\040\005\344\005\322\005\331\005\351\005\324\000\040\005\331\005\323\005\340\005\331\000\040\005\334\005\320\005\325\005\330\005\325\005\340\005\325\005\336\005\331\000\040\005\336\005\334\005\320}{section.3}% 7
\BOOKMARK [1][-]{section.4}{\376\377\000A\000g\000e\000n\000t\000i\000c\000\040\000A\000I\000:\000\040\005\324\005\322\005\323\005\350\005\324\000\040\005\325\005\342\005\347\005\350\005\325\005\340\005\325\005\352}{}% 8
\BOOKMARK [2][-]{subsection.4.1}{\376\377\005\324\005\322\005\323\005\350\005\324\000\040\005\344\005\325\005\350\005\336\005\334\005\331\005\352}{section.4}% 9
\BOOKMARK [2][-]{subsection.4.2}{\376\377\005\324\005\342\005\347\005\350\005\325\005\340\005\325\005\352\000\040\005\324\005\336\005\350\005\333\005\326\005\331\005\331\005\335\000\040\005\351\005\334\000\040\000A\000g\000e\000n\000t\000i\000c\000\040\000A\000I}{section.4}% 10
\BOOKMARK [3][-]{subsubsection.4.2.1}{\376\377\005\352\005\333\005\340\005\325\005\337\000\040\000\050\000P\000l\000a\000n\000n\000i\000n\000g\000\051}{subsection.4.2}% 11
\BOOKMARK [3][-]{subsubsection.4.2.2}{\376\377\005\321\005\331\005\346\005\325\005\342\000\040\000\050\000E\000x\000e\000c\000u\000t\000i\000o\000n\000\051}{subsection.4.2}% 12
\BOOKMARK [3][-]{subsubsection.4.2.3}{\376\377\005\334\005\336\005\331\005\323\005\324\000\040\000\050\000L\000e\000a\000r\000n\000i\000n\000g\000\051}{subsection.4.2}% 13
\BOOKMARK [3][-]{subsubsection.4.2.4}{\376\377\005\336\005\351\005\325\005\321\000\040\005\325\005\321\005\347\005\350\005\324\000\040\000\050\000F\000e\000e\000d\000b\000a\000c\000k\000\040\000\046\000\040\000C\000o\000n\000t\000r\000o\000l\000\051}{subsection.4.2}% 14
\BOOKMARK [2][-]{subsection.4.3}{\376\377\005\320\005\350\005\333\005\331\005\330\005\347\005\330\005\325\005\350\005\352\000\040\005\324\005\341\005\325\005\333\005\337\000:\000\040\005\336\005\321\005\330\000\040\005\344\005\340\005\331\005\336\005\324}{section.4}% 15
\BOOKMARK [1][-]{section.5}{\376\377\005\333\005\334\005\331\000\040\000A\000g\000e\000n\000t\000i\000c\000\040\000A\000u\000t\000o\000m\000a\000t\000i\000o\000n\000:\000\040\005\336\005\344\005\352\000\040\005\324\005\330\005\333\005\340\005\325\005\334\005\325\005\322\005\331\005\325\005\352}{}% 16
\BOOKMARK [2][-]{subsection.5.1}{\376\377\005\344\005\350\005\331\005\331\005\336\005\325\005\325\005\350\005\347\005\331\005\335\000\040\005\336\005\321\005\325\005\341\005\341\005\331\000\040\005\347\005\325\005\323\000:\000\040\000L\000a\000n\000g\000G\000r\000a\000p\000h\000\040\000\046\000\040\000A\000u\000t\000o\000G\000e\000n}{section.5}% 17
\BOOKMARK [3][-]{subsubsection.5.1.1}{\376\377\000L\000a\000n\000g\000G\000r\000a\000p\000h\000:\000\040\005\352\005\326\005\336\005\325\005\350\000\040\005\341\005\325\005\333\005\340\005\331\005\335\000\040\005\336\005\325\005\350\005\333\005\321\005\331\005\335}{subsection.5.1}% 18
\BOOKMARK [3][-]{subsubsection.5.1.2}{\376\377\000A\000u\000t\000o\000G\000e\000n\000:\000\040\005\346\005\325\005\325\005\352\005\331\000\040\005\341\005\325\005\333\005\340\005\331\005\335\000\040\005\321\005\351\005\331\005\327\005\324}{subsection.5.1}% 19
\BOOKMARK [2][-]{subsection.5.2}{\376\377\005\344\005\334\005\330\005\344\005\325\005\350\005\336\005\325\005\352\000\040\000L\000o\000w\000-\000C\000o\000d\000e\000:\000\040\000n\0008\000n\000\040\000\046\000\040\000Z\000a\000p\000i\000e\000r}{section.5}% 20
\BOOKMARK [3][-]{subsubsection.5.2.1}{\376\377\000n\0008\000n\000:\000\040\005\320\005\325\005\330\005\325\005\336\005\346\005\331\005\324\000\040\005\342\005\335\000\040\005\322\005\336\005\331\005\351\005\325\005\352}{subsection.5.2}% 21
\BOOKMARK [3][-]{subsubsection.5.2.2}{\376\377\000Z\000a\000p\000i\000e\000r\000:\000\040\005\344\005\351\005\330\005\325\005\352\000\040\005\325\005\336\005\324\005\331\005\350\005\325\005\352}{subsection.5.2}% 22
\BOOKMARK [2][-]{subsection.5.3}{\376\377\005\344\005\334\005\330\005\344\005\325\005\350\005\336\005\325\005\352\000\040\000Z\000e\000r\000o\000-\000C\000o\000d\000e\000:\000\040\000M\000a\000k\000e\000,\000\040\000R\000e\000l\000e\000v\000a\000n\000c\000e\000A\000I\000,\000\040\000G\000o\000o\000g\000l\000e\000\040\000A\000I\000\040\000S\000t\000u\000d\000i\000o}{section.5}% 23
\BOOKMARK [3][-]{subsubsection.5.3.1}{\376\377\000M\000a\000k\000e\000\040\000\050\000I\000n\000t\000e\000g\000r\000o\000m\000a\000t\000\040\005\334\005\351\005\342\005\321\005\350\000\051\000:\000\040\005\320\005\325\005\330\005\325\005\336\005\346\005\331\005\324\000\040\005\325\005\331\005\326\005\325\005\320\005\334\005\331\005\352}{subsection.5.3}% 24
\BOOKMARK [3][-]{subsubsection.5.3.2}{\376\377\000R\000e\000l\000e\000v\000a\000n\000c\000e\000A\000I\000:\000\040\005\341\005\325\005\333\005\340\005\331\000\040\000A\000I\000\040\005\336\005\325\005\352\005\320\005\336\005\331\005\335\000\040\005\320\005\331\005\351\005\331\005\352}{subsection.5.3}% 25
\BOOKMARK [3][-]{subsubsection.5.3.3}{\376\377\000G\000o\000o\000g\000l\000e\000\040\000A\000I\000\040\000S\000t\000u\000d\000i\000o\000:\000\040\005\331\005\346\005\331\005\350\005\324\000\040\005\336\005\324\005\331\005\350\005\324\000\040\005\351\005\334\000\040\005\320\005\344\005\334\005\331\005\347\005\346\005\331\005\325\005\352\000\040\000A\000I}{subsection.5.3}% 26
\BOOKMARK [2][-]{subsection.5.4}{\376\377\005\330\005\321\005\334\005\352\000\040\005\324\005\351\005\325\005\325\005\320\005\324\000:\000\040\005\336\005\346\005\331\005\320\005\352\000\040\005\324\005\333\005\334\005\331\000\040\005\324\005\336\005\352\005\320\005\331\005\335}{section.5}% 27
\BOOKMARK [1][-]{section.6}{\376\377\005\352\005\333\005\340\005\325\005\337\000\040\000W\000o\000r\000k\000f\000l\000o\000w\000\040\005\334\005\341\005\325\005\333\005\340\005\331\005\335}{}% 28
\BOOKMARK [2][-]{subsection.6.1}{\376\377\005\351\005\334\005\321\005\331\000\040\005\352\005\333\005\340\005\325\005\337\000\040\000W\000o\000r\000k\000f\000l\000o\000w}{section.6}% 29
\BOOKMARK [3][-]{subsubsection.6.1.1}{\376\377\005\351\005\334\005\321\000\040\0001\000:\000\040\005\324\005\322\005\323\005\350\005\352\000\040\005\324\005\336\005\330\005\350\005\324\000\040\005\325\005\324\005\331\005\347\005\343}{subsection.6.1}% 30
\BOOKMARK [3][-]{subsubsection.6.1.2}{\376\377\005\351\005\334\005\321\000\040\0002\000:\000\040\005\336\005\331\005\344\005\325\005\331\000\040\005\324\005\352\005\324\005\334\005\331\005\332\000\040\005\324\005\340\005\325\005\333\005\327\005\331}{subsection.6.1}% 31
\BOOKMARK [3][-]{subsubsection.6.1.3}{\376\377\005\351\005\334\005\321\000\040\0003\000:\000\040\005\344\005\331\005\350\005\325\005\347\000\040\005\334\005\336\005\351\005\331\005\336\005\325\005\352\000\040\005\325\005\334\005\346\005\336\005\352\005\331\000\040\005\324\005\327\005\334\005\330\005\324}{subsection.6.1}% 32
\BOOKMARK [3][-]{subsubsection.6.1.4}{\376\377\005\351\005\334\005\321\000\040\0004\000:\000\040\005\326\005\331\005\324\005\325\005\331\000\040\005\352\005\334\005\325\005\331\005\325\005\352\000\040\005\325\005\320\005\331\005\334\005\325\005\346\005\331\005\335}{subsection.6.1}% 33
\BOOKMARK [3][-]{subsubsection.6.1.5}{\376\377\005\351\005\334\005\321\000\040\0005\000:\000\040\005\352\005\333\005\340\005\325\005\337\000\040\005\330\005\331\005\344\005\325\005\334\000\040\005\321\005\327\005\350\005\331\005\322\005\331\005\335}{subsection.6.1}% 34
\BOOKMARK [2][-]{subsection.6.2}{\376\377\005\323\005\331\005\320\005\322\005\350\005\336\005\352\000\040\000W\000o\000r\000k\000f\000l\000o\000w\000\040\005\336\005\325\005\350\005\333\005\321\005\352\000:\000\040\005\340\005\331\005\324\005\325\005\334\000\040\005\334\005\331\005\323\005\331\005\335\000\040\005\320\005\325\005\330\005\325\005\336\005\330\005\331}{section.6}% 35
\BOOKMARK [2][-]{subsection.6.3}{\376\377\005\342\005\347\005\350\005\325\005\340\005\325\005\352\000\040\005\334\005\352\005\333\005\340\005\325\005\337\000\040\000W\000o\000r\000k\000f\000l\000o\000w\000\040\005\320\005\344\005\347\005\330\005\331\005\321\005\331}{section.6}% 36
\BOOKMARK [3][-]{subsubsection.6.3.1}{\376\377\005\342\005\347\005\350\005\325\005\337\000\040\005\324\005\336\005\325\005\323\005\325\005\334\005\350\005\331\005\325\005\352}{subsection.6.3}% 37
\BOOKMARK [3][-]{subsubsection.6.3.2}{\376\377\005\342\005\347\005\350\005\325\005\337\000\040\005\324\005\320\005\331\005\323\005\336\005\344\005\325\005\330\005\340\005\330\005\331\005\325\005\352}{subsection.6.3}% 38
\BOOKMARK [3][-]{subsubsection.6.3.3}{\376\377\005\342\005\347\005\350\005\325\005\337\000\040\005\324\005\340\005\350\005\320\005\325\005\352\000\040\000\050\000O\000b\000s\000e\000r\000v\000a\000b\000i\000l\000i\000t\000y\000\051}{subsection.6.3}% 39
\BOOKMARK [3][-]{subsubsection.6.3.4}{\376\377\005\342\005\347\005\350\005\325\005\337\000\040\005\324\000-\000F\000a\000i\000l\000\040\000F\000a\000s\000t}{subsection.6.3}% 40
\BOOKMARK [3][-]{subsubsection.6.3.5}{\376\377\005\342\005\347\005\350\005\325\005\337\000\040\005\324\000-\000G\000r\000a\000c\000e\000f\000u\000l\000\040\000D\000e\000g\000r\000a\000d\000a\000t\000i\000o\000n}{subsection.6.3}% 41
\BOOKMARK [1][-]{section.7}{\376\377\005\340\005\331\005\330\005\325\005\350\000\040\005\325\005\321\005\347\005\350\005\324\000:\000\040\005\344\005\331\005\347\005\325\005\327\000\040\005\342\005\334\000\040\005\341\005\325\005\333\005\340\005\331\005\335\000\040\005\320\005\325\005\330\005\325\005\340\005\325\005\336\005\331\005\331\005\335}{}% 42
\BOOKMARK [2][-]{subsection.7.1}{\376\377\005\350\005\336\005\325\005\352\000\040\005\324\005\344\005\331\005\347\005\325\005\327}{section.7}% 43
\BOOKMARK [3][-]{subsubsection.7.1.1}{\376\377\005\350\005\336\005\324\000\040\0001\000:\000\040\005\344\005\331\005\347\005\325\005\327\000\040\005\336\005\334\005\320\000\040\000\050\000H\000u\000m\000a\000n\000-\000i\000n\000-\000t\000h\000e\000-\000L\000o\000o\000p\000\051}{subsection.7.1}% 44
\BOOKMARK [3][-]{subsubsection.7.1.2}{\376\377\005\350\005\336\005\324\000\040\0002\000:\000\040\005\344\005\331\005\347\005\325\005\327\000\040\005\341\005\334\005\347\005\330\005\331\005\321\005\331\000\040\000\050\000H\000u\000m\000a\000n\000-\000o\000n\000-\000t\000h\000e\000-\000L\000o\000o\000p\000\051}{subsection.7.1}% 45
\BOOKMARK [3][-]{subsubsection.7.1.3}{\376\377\005\350\005\336\005\324\000\040\0003\000:\000\040\005\344\005\331\005\347\005\325\005\327\000\040\005\321\005\323\005\331\005\342\005\321\005\323\000\040\000\050\000H\000u\000m\000a\000n\000-\000a\000f\000t\000e\000r\000-\000t\000h\000e\000-\000L\000o\000o\000p\000\051}{subsection.7.1}% 46
\BOOKMARK [2][-]{subsection.7.2}{\376\377\005\336\005\330\005\350\005\331\005\347\005\325\005\352\000\040\005\340\005\331\005\330\005\325\005\350\000\040\005\327\005\331\005\325\005\340\005\331\005\325\005\352}{section.7}% 47
\BOOKMARK [3][-]{subsubsection.7.2.1}{\376\377\005\336\005\330\005\350\005\331\005\347\005\325\005\352\000\040\005\321\005\331\005\346\005\325\005\342}{subsection.7.2}% 48
\BOOKMARK [3][-]{subsubsection.7.2.2}{\376\377\005\336\005\330\005\350\005\331\005\347\005\325\005\352\000\040\005\342\005\341\005\347\005\331\005\325\005\352}{subsection.7.2}% 49
\BOOKMARK [3][-]{subsubsection.7.2.3}{\376\377\005\336\005\330\005\350\005\331\005\347\005\325\005\352\000\040\005\320\005\336\005\331\005\340\005\325\005\352}{subsection.7.2}% 50
\BOOKMARK [2][-]{subsection.7.3}{\376\377\005\333\005\334\005\331\005\335\000\040\005\334\005\340\005\331\005\330\005\325\005\350\000\040\005\325\005\334\005\325\005\322\005\331\005\340\005\322}{section.7}% 51
\BOOKMARK [3][-]{subsubsection.7.3.1}{\376\377\005\334\005\325\005\322\005\331\005\335\000\040\005\336\005\325\005\321\005\340\005\331\005\335}{subsection.7.3}% 52
\BOOKMARK [3][-]{subsubsection.7.3.2}{\376\377\005\336\005\342\005\350\005\333\005\325\005\352\000\040\005\340\005\331\005\330\005\325\005\350\000\040\005\327\005\331\005\346\005\325\005\340\005\331\005\325\005\352}{subsection.7.3}% 53
\BOOKMARK [2][-]{subsection.7.4}{\376\377\005\320\005\341\005\330\005\350\005\330\005\322\005\331\005\325\005\352\000\040\005\324\005\352\005\350\005\320\005\324\000\040\000\050\000A\000l\000e\000r\000t\000i\000n\000g\000\051}{section.7}% 54
\BOOKMARK [3][-]{subsubsection.7.4.1}{\376\377\005\324\005\352\005\350\005\320\005\325\005\352\000\040\005\347\005\350\005\331\005\330\005\331\005\325\005\352\000\040\000\050\000C\000r\000i\000t\000i\000c\000a\000l\000\040\000A\000l\000e\000r\000t\000s\000\051}{subsection.7.4}% 55
\BOOKMARK [3][-]{subsubsection.7.4.2}{\376\377\005\324\005\352\005\350\005\320\005\325\005\352\000\040\005\327\005\351\005\325\005\321\005\325\005\352\000\040\000\050\000H\000i\000g\000h\000\040\000P\000r\000i\000o\000r\000i\000t\000y\000\051}{subsection.7.4}% 56
\BOOKMARK [3][-]{subsubsection.7.4.3}{\376\377\005\324\005\352\005\350\005\320\005\325\005\352\000\040\005\336\005\331\005\323\005\342\000\040\000\050\000I\000n\000f\000o\000\051}{subsection.7.4}% 57
\BOOKMARK [2][-]{subsection.7.5}{\376\377\005\321\005\347\005\350\005\352\000\040\005\320\005\331\005\333\005\325\005\352\000\040\005\325\005\320\005\331\005\336\005\325\005\352}{section.7}% 58
\BOOKMARK [3][-]{subsubsection.7.5.1}{\376\377\000S\000p\000o\000t\000\040\000C\000h\000e\000c\000k\000s}{subsection.7.5}% 59
\BOOKMARK [3][-]{subsubsection.7.5.2}{\376\377\000A\000/\000B\000\040\000T\000e\000s\000t\000i\000n\000g}{subsection.7.5}% 60
\BOOKMARK [3][-]{subsubsection.7.5.3}{\376\377\000R\000e\000g\000r\000e\000s\000s\000i\000o\000n\000\040\000T\000e\000s\000t\000i\000n\000g}{subsection.7.5}% 61
\BOOKMARK [1][-]{section.8}{\376\377\005\323\005\325\005\322\005\336\005\320\005\325\005\352\000\040\005\336\005\342\005\351\005\331\005\325\005\352}{}% 62
\BOOKMARK [2][-]{subsection.8.1}{\376\377\005\323\005\325\005\322\005\336\005\324\000\040\0001\000:\000\040\005\341\005\325\005\333\005\337\000\040\005\334\005\340\005\331\005\324\005\325\005\334\000\040\005\334\005\331\005\323\005\331\005\335\000\040\005\320\005\325\005\330\005\325\005\336\005\330\005\331}{section.8}% 63
\BOOKMARK [3][-]{subsubsection.8.1.1}{\376\377\005\350\005\347\005\342\000\040\005\342\005\341\005\347\005\331}{subsection.8.1}% 64
\BOOKMARK [3][-]{subsubsection.8.1.2}{\376\377\005\324\005\344\005\352\005\350\005\325\005\337\000:\000\040\005\341\005\325\005\333\005\337\000\040\005\320\005\325\005\330\005\325\005\340\005\325\005\336\005\331}{subsection.8.1}% 65
\BOOKMARK [3][-]{subsubsection.8.1.3}{\376\377\005\352\005\325\005\346\005\320\005\325\005\352}{subsection.8.1}% 66
\BOOKMARK [2][-]{subsection.8.2}{\376\377\005\323\005\325\005\322\005\336\005\324\000\040\0002\000:\000\040\005\341\005\325\005\333\005\337\000\040\005\334\005\352\005\336\005\331\005\333\005\352\000\040\005\334\005\347\005\325\005\327\005\325\005\352\000\040\000T\000i\000e\000r\000\040\0001}{section.8}% 67
\BOOKMARK [3][-]{subsubsection.8.2.1}{\376\377\005\350\005\347\005\342\000\040\005\342\005\341\005\347\005\331}{subsection.8.2}% 68
\BOOKMARK [3][-]{subsubsection.8.2.2}{\376\377\005\324\005\344\005\352\005\350\005\325\005\337\000:\000\040\005\341\005\325\005\333\005\337\000\040\000T\000i\000e\000r\000\040\0001}{subsection.8.2}% 69
\BOOKMARK [3][-]{subsubsection.8.2.3}{\376\377\005\352\005\325\005\346\005\320\005\325\005\352}{subsection.8.2}% 70
\BOOKMARK [2][-]{subsection.8.3}{\376\377\005\323\005\325\005\322\005\336\005\324\000\040\0003\000:\000\040\005\341\005\325\005\333\005\337\000\040\005\334\005\340\005\331\005\352\005\325\005\327\000\040\005\340\005\352\005\325\005\340\005\331\005\335\000\040\005\331\005\325\005\336\005\331}{section.8}% 71
\BOOKMARK [3][-]{subsubsection.8.3.1}{\376\377\005\350\005\347\005\342\000\040\005\342\005\341\005\347\005\331}{subsection.8.3}% 72
\BOOKMARK [3][-]{subsubsection.8.3.2}{\376\377\005\324\005\344\005\352\005\350\005\325\005\337\000:\000\040\005\341\005\325\005\333\005\337\000\040\005\340\005\331\005\352\005\325\005\327\000\040\005\320\005\325\005\330\005\325\005\336\005\330\005\331}{subsection.8.3}% 73
\BOOKMARK [3][-]{subsubsection.8.3.3}{\376\377\005\352\005\325\005\346\005\320\005\325\005\352}{subsection.8.3}% 74
\BOOKMARK [1][-]{section.9}{\376\377\005\352\005\333\005\340\005\331\005\352\000\040\005\331\005\331\005\351\005\325\005\335\000:\000\040\000G\000a\000n\000t\000t\000\040\000C\000h\000a\000r\000t}{}% 75
\BOOKMARK [1][-]{section.10}{\376\377\005\336\005\352\005\333\005\325\005\340\005\331\005\335\000\040\005\340\005\331\005\324\005\325\005\334\005\331\005\331\005\335}{}% 76
\BOOKMARK [2][-]{subsection.10.1}{\376\377\005\340\005\325\005\341\005\327\005\324\000\040\0001\000:\000\040\000R\000O\000I\000\040\005\351\005\334\000\040\005\320\005\325\005\330\005\325\005\336\005\346\005\331\005\324}{section.10}% 77
\BOOKMARK [2][-]{subsection.10.2}{\376\377\005\340\005\325\005\341\005\327\005\324\000\040\0002\000:\000\040\005\351\005\331\005\342\005\325\005\350\000\040\005\351\005\322\005\331\005\320\005\325\005\352}{section.10}% 78
\BOOKMARK [2][-]{subsection.10.3}{\376\377\005\340\005\325\005\341\005\327\005\324\000\040\0003\000:\000\040\000C\000a\000p\000a\000c\000i\000t\000y\000\040\000P\000l\000a\000n\000n\000i\000n\000g}{section.10}% 79
\BOOKMARK [1][-]{section.11}{\376\377\005\352\005\350\005\322\005\331\005\334\005\331\005\335}{}% 80
\BOOKMARK [2][-]{subsection.11.1}{\376\377\005\352\005\350\005\322\005\331\005\334\000\040\0001\000:\000\040\005\352\005\333\005\340\005\325\005\337\000\040\005\341\005\325\005\333\005\337\000\040\005\334\005\320\005\325\005\330\005\325\005\336\005\346\005\331\005\324\000\040\005\351\005\334\000\040\005\336\005\351\005\331\005\336\005\324\000\040\005\331\005\325\005\336\005\331\005\352}{section.11}% 81
\BOOKMARK [2][-]{subsection.11.2}{\376\377\005\352\005\350\005\322\005\331\005\334\000\040\0002\000:\000\040\005\324\005\351\005\325\005\325\005\320\005\324\000\040\000-\000\040\000n\0008\000n\000\040\000v\000s\000\040\000M\000a\000k\000e}{section.11}% 82
\BOOKMARK [2][-]{subsection.11.3}{\376\377\005\352\005\350\005\322\005\331\005\334\000\040\0003\000:\000\040\005\340\005\331\005\352\005\325\005\327\000\040\005\333\005\351\005\334\005\325\005\337\000\040\000-\000\040\005\336\005\324\000\040\005\324\005\351\005\352\005\321\005\351\000?}{section.11}% 83
\BOOKMARK [2][-]{subsection.11.4}{\376\377\005\352\005\350\005\322\005\331\005\334\000\040\0004\000:\000\040\005\321\005\340\005\331\005\331\005\352\000\040\000S\000L\000A\000\040\005\334\005\341\005\325\005\333\005\337\000\040\005\320\005\325\005\330\005\325\005\340\005\325\005\336\005\331}{section.11}% 84
\BOOKMARK [2][-]{subsection.11.5}{\376\377\005\352\005\350\005\322\005\331\005\334\000\040\0005\000:\000\040\005\352\005\333\005\340\005\325\005\337\000\040\005\324\005\341\005\334\005\336\005\324\000\040\000-\000\040\005\336\005\352\005\331\000\040\005\341\005\325\005\333\005\337\000\040\005\336\005\342\005\321\005\331\005\350\000\040\005\334\005\320\005\323\005\335\000?}{section.11}% 85
\BOOKMARK [2][-]{subsection.11.6}{\376\377\005\352\005\350\005\322\005\331\005\334\000\040\0006\000:\000\040\000P\000y\000t\000h\000o\000n\000\040\000-\000\040\005\321\005\340\005\331\005\331\005\352\000\040\005\341\005\325\005\333\005\337\000\040\005\344\005\351\005\325\005\330\000\040\005\342\005\335\000\040\000L\000a\000n\000g\000C\000h\000a\000i\000n}{section.11}% 86
\BOOKMARK [2][-]{subsection.11.7}{\376\377\005\352\005\350\005\322\005\331\005\334\000\040\0007\000:\000\040\000P\000y\000t\000h\000o\000n\000\040\000-\000\040\000W\000o\000r\000k\000f\000l\000o\000w\000\040\005\320\005\325\005\330\005\325\005\336\005\330\005\331\000\040\005\342\005\335\000\040\000R\000e\000t\000r\000y\000\040\005\325\000-\000E\000r\000r\000o\000r\000\040\000H\000a\000n\000d\000l\000i\000n\000g}{section.11}% 87
\BOOKMARK [1][-]{section.12}{\376\377\005\341\005\331\005\333\005\325\005\335\000:\000\040\005\324\005\342\005\352\005\331\005\323\000\040\005\351\005\334\000\040\005\342\005\321\005\325\005\323\005\352\000\040\005\324\005\331\005\323\005\342}{}% 88
