\BOOKMARK [0][-]{chapter.3}{\376\377\005\352\005\347\005\351\005\325\005\350\005\352\000\040\005\342\005\335\000\040\005\324\005\336\005\333\005\325\005\340\005\324\000\040\000-\000\040\000R\000E\000S\000T\000\040\000A\000P\000I\000s\000\040\005\325\005\331\005\341\005\325\005\323\005\325\005\352\000\040\000J\000S\000O\000N}{}% 1
\BOOKMARK [1][-]{section.3.1}{\376\377\005\344\005\350\005\325\005\334\005\325\005\322\000:\000\040\005\351\005\331\005\327\005\324\000\040\005\351\005\334\005\320\000\040\005\324\005\325\005\321\005\340\005\324}{chapter.3}% 2
\BOOKMARK [1][-]{section.3.2}{\376\377\005\324\005\351\005\344\005\324\000\040\005\351\005\324\005\336\005\333\005\325\005\340\005\325\005\352\000\040\005\336\005\323\005\321\005\350\005\325\005\352\000:\000\040\005\336\005\321\005\325\005\320\000\040\005\334\000-\000R\000E\000S\000T\000\040\000A\000P\000I}{chapter.3}% 3
\BOOKMARK [2][-]{subsection.3.2.1}{\376\377\005\336\005\324\005\325\000\040\000A\000P\000I\000?\000\040\005\320\005\340\005\334\005\325\005\322\005\331\005\324\000\040\005\334\005\336\005\334\005\346\005\350\000\040\005\321\005\336\005\341\005\342\005\323\005\324}{section.3.2}% 4
\BOOKMARK [2][-]{subsection.3.2.2}{\376\377\005\320\005\350\005\321\005\342\005\352\000\040\005\324\005\344\005\342\005\334\005\331\005\335\000\040\005\324\005\321\005\341\005\331\005\341\005\331\005\331\005\335\000:\000\040\000G\000E\000T\000,\000\040\000P\000O\000S\000T\000,\000\040\000P\000U\000T\000,\000\040\000D\000E\000L\000E\000T\000E}{section.3.2}% 5
\BOOKMARK [2][-]{subsection.3.2.3}{\376\377\005\336\005\321\005\340\005\324\000\040\005\324\005\321\005\347\005\351\005\324\000:\000\040\000H\000e\000a\000d\000e\000r\000s\000,\000\040\000B\000o\000d\000y\000,\000\040\000A\000u\000t\000h\000e\000n\000t\000i\000c\000a\000t\000i\000o\000n}{section.3.2}% 6
\BOOKMARK [1][-]{section.3.3}{\376\377\000J\000S\000O\000N\000\040\000-\000\040\005\351\005\344\005\352\000\040\005\327\005\331\005\334\005\325\005\344\005\331\000\040\005\324\005\340\005\352\005\325\005\340\005\331\005\335\000\040\005\351\005\334\000\040\005\324\005\320\005\331\005\340\005\330\005\350\005\340\005\330}{chapter.3}% 7
\BOOKMARK [2][-]{subsection.3.3.1}{\376\377\005\336\005\324\005\325\000\040\000J\000S\000O\000N\000\040\005\325\005\336\005\323\005\325\005\342\000\040\005\324\005\325\005\320\000\040\005\333\005\334\000\040\005\333\005\332\000\040\005\340\005\344\005\325\005\345\000?}{section.3.3}% 8
\BOOKMARK [2][-]{subsection.3.3.2}{\376\377\005\341\005\325\005\322\005\331\000\040\005\340\005\352\005\325\005\340\005\331\005\335\000\040\005\321\000-\000J\000S\000O\000N}{section.3.3}% 9
\BOOKMARK [2][-]{subsection.3.3.3}{\376\377\005\336\005\321\005\340\005\331\005\335\000\040\005\336\005\347\005\325\005\340\005\340\005\331\005\335\000:\000\040\005\324\005\333\005\325\005\327\000\040\005\324\005\320\005\336\005\331\005\352\005\331\000\040\005\351\005\334\000\040\000J\000S\000O\000N}{section.3.3}% 10
\BOOKMARK [2][-]{subsection.3.3.4}{\376\377\005\352\005\350\005\322\005\325\005\334\000:\000\040\005\347\005\350\005\331\005\320\005\352\000\040\000J\000S\000O\000N\000\040\005\336\005\352\005\325\005\342\005\323\000\040\000A\000P\000I}{section.3.3}% 11
\BOOKMARK [1][-]{section.3.4}{\376\377\005\347\005\325\005\323\005\331\000\040\005\352\005\322\005\325\005\321\005\324\000:\000\040\005\336\005\324\000\040\005\324\005\336\005\333\005\325\005\340\005\324\000\040\005\320\005\325\005\336\005\350\005\352\000\040\005\334\005\340\005\325\000?}{chapter.3}% 12
\BOOKMARK [2][-]{subsection.3.4.1}{\376\377\005\336\005\344\005\352\000\040\005\324\005\347\005\325\005\323\005\331\005\335\000\040\000-\000\040\005\325\005\336\005\324\000\040\005\324\005\335\000\040\005\320\005\325\005\336\005\350\005\331\005\335\000\040\005\342\005\334\005\331\005\333\005\335}{section.3.4}% 13
\BOOKMARK [2][-]{subsection.3.4.2}{\376\377\005\341\005\331\005\344\005\325\005\350\000\040\005\336\005\324\005\351\005\330\005\327\000:\000\040\005\336\005\347\005\350\005\324\000\040\0004\0002\0009}{section.3.4}% 14
\BOOKMARK [1][-]{section.3.5}{\376\377\000R\000a\000t\000e\000\040\000L\000i\000m\000i\000t\000i\000n\000g\000\040\000-\000\040\005\336\005\340\005\324\005\334\005\331\005\335\000\040\005\325\005\336\005\322\005\321\005\334\005\325\005\352}{chapter.3}% 15
\BOOKMARK [2][-]{subsection.3.5.1}{\376\377\005\336\005\324\005\325\000\040\000R\000a\000t\000e\000\040\000L\000i\000m\000i\000t\000i\000n\000g\000\040\005\325\005\336\005\323\005\325\005\342\000\040\005\324\005\325\005\320\000\040\005\347\005\331\005\331\005\335\000?}{section.3.5}% 16
\BOOKMARK [2][-]{subsection.3.5.2}{\376\377\005\327\005\331\005\351\005\325\005\321\000\040\000T\000h\000r\000o\000u\000g\000h\000p\000u\000t\000\040\005\336\005\347\005\341\005\331\005\336\005\334\005\331}{section.3.5}% 17
\BOOKMARK [2][-]{subsection.3.5.3}{\376\377\005\352\005\333\005\340\005\325\005\337\000\040\005\320\005\350\005\333\005\331\005\330\005\347\005\330\005\325\005\350\005\352\000\040\000R\000a\000t\000e\000\040\000L\000i\000m\000i\000t\000i\000n\000g}{section.3.5}% 18
\BOOKMARK [1][-]{section.3.6}{\376\377\000A\000P\000I\000\040\000K\000e\000y\000s\000\040\005\325\005\320\005\321\005\330\005\327\005\324\000\040\000-\000\040\005\336\005\331\000\040\005\351\005\325\005\336\005\350\000\040\005\342\005\334\000\040\005\324\005\351\005\325\005\336\005\350\005\331\005\335\000?}{chapter.3}% 19
\BOOKMARK [2][-]{subsection.3.6.1}{\376\377\005\336\005\324\005\325\000\040\000A\000P\000I\000\040\000K\000e\000y\000?}{section.3.6}% 20
\BOOKMARK [2][-]{subsection.3.6.2}{\376\377\005\341\005\331\005\344\005\325\005\350\000\040\005\320\005\331\005\336\005\324\000:\000\040\005\323\005\334\005\331\005\344\005\352\000\040\000A\000P\000I\000\040\000K\000e\000y\000\040\005\321\000-\000G\000i\000t\000H\000u\000b}{section.3.6}% 21
\BOOKMARK [2][-]{subsection.3.6.3}{\376\377\005\336\005\323\005\331\005\340\005\331\005\325\005\352\000\040\005\340\005\331\005\324\005\325\005\334\000\040\000A\000P\000I\000\040\000K\000e\000y\000s\000\040\005\321\005\320\005\350\005\322\005\325\005\337}{section.3.6}% 22
\BOOKMARK [1][-]{section.3.7}{\376\377\005\342\005\334\005\325\005\331\005\325\005\352\000\040\005\325\005\336\005\323\005\323\005\331\005\335\000\040\005\342\005\341\005\347\005\331\005\331\005\335}{chapter.3}% 23
\BOOKMARK [2][-]{subsection.3.7.1}{\376\377\005\340\005\325\005\341\005\327\005\352\000\040\005\342\005\334\005\325\005\352\000\040\005\334\005\321\005\347\005\351\005\324}{section.3.7}% 24
\BOOKMARK [2][-]{subsection.3.7.2}{\376\377\005\352\005\333\005\340\005\325\005\337\000\040\005\352\005\347\005\346\005\331\005\321\000\040\000A\000P\000I}{section.3.7}% 25
\BOOKMARK [1][-]{section.3.8}{\376\377\005\323\005\325\005\322\005\336\005\320\005\325\005\352\000\040\005\336\005\342\005\351\005\331\005\325\005\352\000\040\005\336\005\342\005\325\005\334\005\335\000\040\005\324\005\342\005\341\005\347\005\331\005\335}{chapter.3}% 26
\BOOKMARK [2][-]{subsection.3.8.1}{\376\377\005\323\005\325\005\322\005\336\005\324\000\040\0001\000:\000\040\005\327\005\331\005\321\005\325\005\350\000\040\005\320\005\344\005\334\005\331\005\347\005\346\005\331\005\324\000\040\005\344\005\340\005\331\005\336\005\331\005\352\000\040\005\334\000-\000O\000p\000e\000n\000A\000I\000\040\000A\000P\000I}{section.3.8}% 27
\BOOKMARK [2][-]{subsection.3.8.2}{\376\377\005\323\005\325\005\322\005\336\005\324\000\040\0002\000:\000\040\005\351\005\334\005\331\005\344\005\352\000\040\005\340\005\352\005\325\005\340\005\331\005\335\000\040\005\336\000-\000C\000R\000M\000\040\005\325\005\351\005\331\005\334\005\325\005\321\000\040\005\342\005\335\000\040\000L\000L\000M}{section.3.8}% 28
\BOOKMARK [2][-]{subsection.3.8.3}{\376\377\005\323\005\325\005\322\005\336\005\324\000\040\0003\000:\000\040\005\323\005\320\005\351\005\321\005\325\005\350\005\323\000\040\005\321\005\326\005\336\005\337\000\040\005\320\005\336\005\352\000\040\005\351\005\334\000\040\005\340\005\352\005\325\005\340\005\331\000\040\000A\000I}{section.3.8}% 29
\BOOKMARK [1][-]{section.3.9}{\376\377\005\352\005\350\005\322\005\331\005\334\005\331\005\335}{chapter.3}% 30
\BOOKMARK [2][-]{subsection.3.9.1}{\376\377\005\352\005\350\005\322\005\331\005\334\005\331\005\335\000\040\005\352\005\331\005\320\005\325\005\350\005\330\005\331\005\331\005\335}{section.3.9}% 31
\BOOKMARK [2][-]{subsection.3.9.2}{\376\377\005\352\005\350\005\322\005\331\005\334\005\331\000\040\005\347\005\325\005\323\000\040\000P\000y\000t\000h\000o\000n}{section.3.9}% 32
\BOOKMARK [1][-]{section.3.10}{\376\377\005\341\005\331\005\333\005\325\005\335}{chapter.3}% 33
\BOOKMARK [2][-]{subsection.3.10.1}{\376\377\005\340\005\347\005\325\005\323\005\325\005\352\000\040\005\336\005\344\005\352\005\327\000\040\005\334\005\326\005\333\005\325\005\350}{section.3.10}% 34
\BOOKMARK [2][-]{subsection.3.10.2}{\376\377\005\336\005\342\005\321\005\350\000\040\005\334\005\344\005\350\005\347\000\040\005\324\005\321\005\320}{section.3.10}% 35
