\BOOKMARK [0][-]{chapter.9}{\376\377\005\324\005\344\005\350\005\331\005\341\005\324\000\040\000-\000\040\005\336\005\342\005\321\005\323\005\324\000\040\005\334\005\331\005\331\005\346\005\325\005\350\000\040\005\321\005\342\005\325\005\334\005\335\000\040\005\324\005\320\005\336\005\331\005\352\005\331}{}% 1
\BOOKMARK [1][-]{section.9.1}{\376\377\005\336\005\330\005\350\005\325\005\352\000\040\005\324\005\334\005\336\005\331\005\323\005\324}{chapter.9}% 2
\BOOKMARK [1][-]{section.9.2}{\376\377\005\350\005\322\005\342\000\040\005\324\005\320\005\336\005\352\000:\000\040\005\336\005\342\005\321\005\323\005\324\000\040\005\334\005\331\005\331\005\346\005\325\005\350}{chapter.9}% 3
\BOOKMARK [1][-]{section.9.3}{\376\377\005\351\005\334\005\325\005\351\000\040\005\323\005\350\005\333\005\331\005\335\000\040\005\334\005\344\005\350\005\331\005\341\005\324\000:\000\040\000O\000n\000-\000P\000r\000e\000m\000,\000\040\000C\000l\000o\000u\000d\000,\000\040\000H\000y\000b\000r\000i\000d}{chapter.9}% 4
\BOOKMARK [2][-]{subsection.9.3.1}{\376\377\000O\000n\000-\000P\000r\000e\000m\000i\000s\000e\000s\000:\000\040\005\324\005\351\005\334\005\331\005\330\005\324\000\040\005\324\005\336\005\325\005\327\005\334\005\330\005\352}{section.9.3}% 5
\BOOKMARK [2][-]{subsection.9.3.2}{\376\377\000C\000l\000o\000u\000d\000-\000B\000a\000s\000e\000d\000:\000\040\005\324\005\322\005\336\005\331\005\351\005\325\005\352\000\040\005\324\005\320\005\331\005\340\005\341\005\325\005\344\005\331\005\352}{section.9.3}% 6
\BOOKMARK [2][-]{subsection.9.3.3}{\376\377\000H\000y\000b\000r\000i\000d\000:\000\040\005\324\005\330\005\325\005\321\000\040\005\336\005\351\005\340\005\331\000\040\005\324\005\342\005\325\005\334\005\336\005\325\005\352}{section.9.3}% 7
\BOOKMARK [1][-]{section.9.4}{\376\377\005\340\005\325\005\341\005\327\005\320\005\325\005\352\000\040\005\336\005\340\005\324\005\334\005\331\005\325\005\352\000:\000\040\005\327\005\331\005\351\005\325\005\321\000\040\000T\000C\000O}{chapter.9}% 8
\BOOKMARK [2][-]{subsection.9.4.1}{\376\377\000T\000C\000O\000\040\000C\000l\000o\000u\000d\000\040\000-\000\040\005\342\005\334\005\325\005\352\000\040\005\321\005\342\005\334\005\325\005\352\000\040\005\321\005\342\005\340\005\337}{section.9.4}% 9
\BOOKMARK [2][-]{subsection.9.4.2}{\376\377\000T\000C\000O\000\040\000O\000n\000-\000P\000r\000e\000m\000\040\000-\000\040\005\342\005\334\005\325\005\352\000\040\005\321\005\342\005\334\005\325\005\352\000\040\005\336\005\347\005\325\005\336\005\331\005\352}{section.9.4}% 10
\BOOKMARK [2][-]{subsection.9.4.3}{\376\377\000B\000r\000e\000a\000k\000-\000E\000v\000e\000n\000\040\000P\000o\000i\000n\000t\000\040\000-\000\040\005\340\005\347\005\325\005\323\005\352\000\040\005\324\005\320\005\331\005\326\005\325\005\337}{section.9.4}% 11
\BOOKMARK [1][-]{section.9.5}{\376\377\000C\000o\000n\000t\000a\000i\000n\000e\000r\000s\000:\000\040\000D\000o\000c\000k\000e\000r\000\040\005\333\005\336\005\340\005\325\005\342\000\040\005\324\005\344\005\350\005\331\005\341\005\324}{chapter.9}% 12
\BOOKMARK [2][-]{subsection.9.5.1}{\376\377\005\336\005\323\005\325\005\342\000\040\000C\000o\000n\000t\000a\000i\000n\000e\000r\000s\000\040\005\347\005\350\005\331\005\330\005\331\005\331\005\335\000\040\005\334\000-\000A\000I\000\040\000D\000e\000p\000l\000o\000y\000m\000e\000n\000t\000?}{section.9.5}% 13
\BOOKMARK [2][-]{subsection.9.5.2}{\376\377\005\323\005\325\005\322\005\336\005\324\000:\000\040\000D\000o\000c\000k\000e\000r\000f\000i\000l\000e\000\040\005\334\005\336\005\342\005\350\005\333\005\352\000\040\000R\000A\000G}{section.9.5}% 14
\BOOKMARK [2][-]{subsection.9.5.3}{\376\377\000D\000o\000c\000k\000e\000r\000\040\000C\000o\000m\000p\000o\000s\000e\000:\000\040\005\352\005\326\005\336\005\325\005\350\000\040\005\336\005\342\005\350\005\333\005\352\000\040\005\336\005\325\005\350\005\333\005\321\005\352}{section.9.5}% 15
\BOOKMARK [1][-]{section.9.6}{\376\377\005\340\005\331\005\324\005\325\005\334\000\040\005\341\005\321\005\331\005\321\005\325\005\352\000:\000\040\000.\000e\000n\000v\000\040\005\325\005\347\005\325\005\340\005\344\005\331\005\322\005\325\005\350\005\346\005\331\005\324}{chapter.9}% 16
\BOOKMARK [2][-]{subsection.9.6.1}{\376\377\005\347\005\325\005\321\005\345\000\040\000.\000e\000n\000v\000\040\000-\000\040\005\340\005\331\005\324\005\325\005\334\000\040\005\347\005\325\005\340\005\344\005\331\005\322\005\325\005\350\005\346\005\331\005\324}{section.9.6}% 17
\BOOKMARK [2][-]{subsection.9.6.2}{\376\377\005\351\005\331\005\336\005\325\005\351\000\040\005\321\000-\000.\000e\000n\000v\000\040\005\321\005\347\005\325\005\323\000\040\000P\000y\000t\000h\000o\000n}{section.9.6}% 18
\BOOKMARK [2][-]{subsection.9.6.3}{\376\377\000B\000e\000s\000t\000\040\000P\000r\000a\000c\000t\000i\000c\000e\000s\000\040\005\334\005\340\005\331\005\324\005\325\005\334\000\040\005\341\005\325\005\323\005\325\005\352}{section.9.6}% 19
\BOOKMARK [1][-]{section.9.7}{\376\377\000S\000c\000a\000l\000i\000n\000g\000:\000\040\005\333\005\351\005\324\005\324\005\346\005\334\005\327\005\324\000\040\005\336\005\321\005\331\005\320\005\324\000\040\005\320\005\352\005\322\005\350\005\331\005\335}{chapter.9}% 20
\BOOKMARK [2][-]{subsection.9.7.1}{\376\377\000V\000e\000r\000t\000i\000c\000a\000l\000\040\000S\000c\000a\000l\000i\000n\000g\000\040\000-\000\040\005\322\005\323\005\331\005\334\005\324\000\040\005\320\005\340\005\333\005\331\005\352}{section.9.7}% 21
\BOOKMARK [2][-]{subsection.9.7.2}{\376\377\000H\000o\000r\000i\000z\000o\000n\000t\000a\000l\000\040\000S\000c\000a\000l\000i\000n\000g\000\040\000-\000\040\005\322\005\323\005\331\005\334\005\324\000\040\005\320\005\325\005\344\005\347\005\331\005\352}{section.9.7}% 22
\BOOKMARK [2][-]{subsection.9.7.3}{\376\377\000L\000o\000a\000d\000\040\000B\000a\000l\000a\000n\000c\000i\000n\000g\000\040\000-\000\040\005\327\005\334\005\325\005\347\005\352\000\040\005\324\005\342\005\325\005\336\005\341}{section.9.7}% 23
\BOOKMARK [2][-]{subsection.9.7.4}{\376\377\000A\000u\000t\000o\000-\000S\000c\000a\000l\000i\000n\000g\000\040\000-\000\040\005\324\005\352\005\320\005\336\005\324\000\040\005\323\005\331\005\340\005\336\005\331\005\352}{section.9.7}% 24
\BOOKMARK [2][-]{subsection.9.7.5}{\376\377\005\323\005\325\005\322\005\336\005\324\000\040\005\336\005\342\005\351\005\331\005\352\000:\000\040\000S\000c\000a\000l\000i\000n\000g\000\040\005\336\005\342\005\350\005\333\005\352\000\040\000R\000A\000G}{section.9.7}% 25
\BOOKMARK [1][-]{section.9.8}{\376\377\005\336\005\342\005\321\005\350\000\040\005\334\005\331\005\331\005\346\005\325\005\350\000:\000\040\000G\000o\000-\000L\000i\000v\000e\000\040\000C\000h\000e\000c\000k\000l\000i\000s\000t}{chapter.9}% 26
\BOOKMARK [2][-]{subsection.9.8.1}{\376\377\005\351\005\334\005\321\000\040\005\320\000'\000:\000\040\005\330\005\333\005\340\005\331}{section.9.8}% 27
\BOOKMARK [2][-]{subsection.9.8.2}{\376\377\005\351\005\334\005\321\000\040\005\321\000'\000:\000\040\005\352\005\324\005\334\005\331\005\333\005\331}{section.9.8}% 28
\BOOKMARK [2][-]{subsection.9.8.3}{\376\377\005\351\005\334\005\321\000\040\005\322\000'\000:\000\040\005\342\005\341\005\347\005\331}{section.9.8}% 29
\BOOKMARK [2][-]{subsection.9.8.4}{\376\377\005\351\005\334\005\321\000\040\005\323\000'\000:\000\040\005\320\005\341\005\330\005\350\005\330\005\322\005\331\005\324}{section.9.8}% 30
\BOOKMARK [1][-]{section.9.9}{\376\377\005\352\005\333\005\340\005\325\005\337\000\040\005\320\005\341\005\325\005\340\005\325\005\352\000:\000\040\000D\000i\000s\000a\000s\000t\000e\000r\000\040\000R\000e\000c\000o\000v\000e\000r\000y}{chapter.9}% 31
\BOOKMARK [2][-]{subsection.9.9.1}{\376\377\000R\000P\000O\000\040\005\325\000-\000R\000T\000O\000\040\000-\000\040\005\351\005\340\005\331\000\040\005\324\005\336\005\323\005\323\005\331\005\335\000\040\005\324\005\347\005\350\005\331\005\330\005\331\005\331\005\335}{section.9.9}% 32
\BOOKMARK [2][-]{subsection.9.9.2}{\376\377\005\320\005\341\005\330\005\350\005\330\005\322\005\331\005\325\005\352\000\040\000D\000R}{section.9.9}% 33
\BOOKMARK [2][-]{subsection.9.9.3}{\376\377\005\352\005\350\005\322\005\331\005\334\000\040\000D\000R\000\040\000-\000\040\005\336\005\324\000\040\005\324\005\325\005\334\005\335\000\040\005\320\005\352\000\040\005\324\005\320\005\350\005\322\005\325\005\337\000\040\005\351\005\334\005\332\000?}{section.9.9}% 34
\BOOKMARK [1][-]{section.9.10}{\376\377\005\323\005\325\005\322\005\336\005\320\005\325\005\352\000\040\005\336\005\342\005\351\005\331\005\325\005\352}{chapter.9}% 35
\BOOKMARK [2][-]{subsection.9.10.1}{\376\377\005\323\005\325\005\322\005\336\005\324\000\040\0001\000:\000\040\005\344\005\350\005\331\005\341\005\352\000\040\000O\000l\000l\000a\000m\000a\000\040\005\334\005\350\005\331\005\346\005\324\000\040\005\336\005\347\005\325\005\336\005\331\005\352\000\040\005\351\005\334\000\040\000L\000l\000a\000m\000a}{section.9.10}% 36
\BOOKMARK [2][-]{subsection.9.10.2}{\376\377\005\323\005\325\005\322\005\336\005\324\000\040\0002\000:\000\040\000D\000o\000c\000k\000e\000r\000\040\000C\000o\000m\000p\000o\000s\000e\000\040\005\334\005\336\005\342\005\350\005\333\005\352\000\040\000R\000A\000G\000\040\005\336\005\334\005\320\005\324}{section.9.10}% 37
\BOOKMARK [2][-]{subsection.9.10.3}{\376\377\005\323\005\325\005\322\005\336\005\324\000\040\0003\000:\000\040\005\336\005\342\005\321\005\350\000\040\005\336\000-\000C\000l\000o\000u\000d\000\040\000P\000O\000C\000\040\005\334\000-\000H\000y\000b\000r\000i\000d\000\040\000P\000r\000o\000d\000u\000c\000t\000i\000o\000n}{section.9.10}% 38
\BOOKMARK [1][-]{section.9.11}{\376\377\005\352\005\350\005\322\005\331\005\334\005\331\005\335}{chapter.9}% 39
\BOOKMARK [2][-]{subsection.9.11.1}{\376\377\005\352\005\350\005\322\005\331\005\334\000\040\0001\000:\000\040\005\327\005\331\005\351\005\325\005\321\000\040\000T\000C\000O\000\040\005\334\005\351\005\334\005\325\005\351\005\324\000\040\005\352\005\350\005\327\005\331\005\351\005\331\005\335\000\040\000\050\005\352\005\331\005\320\005\325\005\350\005\330\005\331\000\051}{section.9.11}% 40
\BOOKMARK [2][-]{subsection.9.11.2}{\376\377\005\352\005\350\005\322\005\331\005\334\000\040\0002\000:\000\040\005\352\005\333\005\340\005\325\005\337\000\040\005\336\005\342\005\321\005\350\000\040\000C\000l\000o\000u\000d\000\040\005\334\000-\000H\000y\000b\000r\000i\000d\000\040\000\050\005\352\005\331\005\320\005\325\005\350\005\330\005\331\000\051}{section.9.11}% 41
\BOOKMARK [2][-]{subsection.9.11.3}{\376\377\005\352\005\350\005\322\005\331\005\334\000\040\0003\000:\000\040\005\333\005\352\005\331\005\321\005\352\000\040\005\323\005\350\005\331\005\351\005\325\005\352\000\040\005\320\005\321\005\330\005\327\005\324\000\040\000\050\005\352\005\331\005\320\005\325\005\350\005\330\005\331\000\051}{section.9.11}% 42
\BOOKMARK [2][-]{subsection.9.11.4}{\376\377\005\352\005\350\005\322\005\331\005\334\000\040\0004\000:\000\040\005\352\005\333\005\340\005\325\005\337\000\040\000D\000i\000s\000a\000s\000t\000e\000r\000\040\000R\000e\000c\000o\000v\000e\000r\000y\000\040\000\050\005\352\005\331\005\320\005\325\005\350\005\330\005\331\000\051}{section.9.11}% 43
\BOOKMARK [2][-]{subsection.9.11.5}{\376\377\005\352\005\350\005\322\005\331\005\334\000\040\0005\000:\000\040\005\321\005\340\005\331\005\331\005\352\000\040\000G\000o\000-\000L\000i\000v\000e\000\040\000C\000h\000e\000c\000k\000l\000i\000s\000t\000\040\000\050\005\352\005\331\005\320\005\325\005\350\005\330\005\331\000\051}{section.9.11}% 44
\BOOKMARK [2][-]{subsection.9.11.6}{\376\377\005\352\005\350\005\322\005\331\005\334\000\040\0006\000:\000\040\000P\000y\000t\000h\000o\000n\000\040\000-\000\040\000D\000o\000c\000k\000e\000r\000\040\000C\000o\000m\000p\000o\000s\000e\000\040\005\334\005\336\005\342\005\350\005\333\005\352\000\040\000A\000I\000\040\005\321\005\341\005\331\005\341\005\331\005\352\000\040\000\050\005\347\005\325\005\323\000\051}{section.9.11}% 45
\BOOKMARK [1][-]{section.9.12}{\376\377\005\341\005\331\005\333\005\325\005\335\000\040\005\324\005\344\005\350\005\347}{chapter.9}% 46
