\BOOKMARK [0][-]{chapter.12}{\376\377\005\320\005\352\005\331\005\347\005\324\000,\000\040\005\350\005\322\005\325\005\334\005\346\005\331\005\324\000\040\005\325\005\320\005\321\005\330\005\327\005\324\000\040\040\023\000\040\005\322\005\321\005\325\005\334\005\325\005\352\000\040\005\324\005\320\005\327\005\350\005\331\005\325\005\352}{}% 1
\BOOKMARK [1][-]{section*.1}{\376\377\005\336\005\330\005\350\005\325\005\352\000\040\005\324\005\334\005\336\005\331\005\323\005\324}{chapter.12}% 2
\BOOKMARK [1][-]{section*.1}{\376\377\005\344\005\352\005\327\000\040\005\323\005\321\005\350}{chapter.12}% 3
\BOOKMARK [1][-]{section.12.1}{\376\377\000G\000D\000P\000R\000\040\040\023\000\040\005\352\005\347\005\340\005\352\000\040\005\324\005\322\005\340\005\352\000\040\005\324\005\336\005\331\005\323\005\342\000\040\005\351\005\334\000\040\005\320\005\331\005\350\005\325\005\344\005\324}{chapter.12}% 4
\BOOKMARK [2][-]{subsection.12.1.1}{\376\377\005\336\005\324\000\040\005\326\005\324\000\040\000G\000D\000P\000R\000\040\005\325\005\334\005\336\005\324\000\040\005\326\005\324\000\040\005\350\005\334\005\325\005\325\005\340\005\330\005\331\000\040\005\334\000-\000A\000I\000?}{section.12.1}% 5
\BOOKMARK [2][-]{subsection.12.1.2}{\376\377\005\324\005\320\005\352\005\322\005\350\005\331\005\335\000\040\005\324\005\331\005\331\005\327\005\325\005\323\005\331\005\331\005\335\000\040\005\351\005\334\000\040\000A\000I\000\040\005\336\005\325\005\334\000\040\000G\000D\000P\000R}{section.12.1}% 6
\BOOKMARK [2][-]{subsection.12.1.3}{\376\377\005\352\005\350\005\351\005\331\005\335\000:\000\040\005\352\005\324\005\334\005\331\005\332\000\040\005\346\005\331\005\325\005\352\000\040\005\334\000-\000G\000D\000P\000R\000\040\005\321\005\336\005\342\005\350\005\333\005\352\000\040\000A\000I}{section.12.1}% 7
\BOOKMARK [2][-]{subsection.12.1.4}{\376\377\005\323\005\325\005\322\005\336\005\324\000\040\005\336\005\342\005\351\005\331\005\352\000:\000\040\005\321\005\331\005\347\005\325\005\350\005\352\000\040\000G\000D\000P\000R\000\040\005\334\005\336\005\342\005\350\005\333\005\352\000\040\000R\000A\000G}{section.12.1}% 8
\BOOKMARK [1][-]{section.12.2}{\376\377\000H\000I\000P\000A\000A\000\040\040\023\000\040\000A\000I\000\040\005\321\005\352\005\327\005\325\005\335\000\040\005\324\005\321\005\350\005\331\005\320\005\325\005\352}{chapter.12}% 9
\BOOKMARK [2][-]{subsection.12.2.1}{\376\377\005\336\005\324\000\040\005\326\005\324\000\040\000H\000I\000P\000A\000A\000?}{section.12.2}% 10
\BOOKMARK [2][-]{subsection.12.2.2}{\376\377\000A\000I\000\040\005\325\000-\000H\000I\000P\000A\000A\000:\000\040\005\324\005\341\005\331\005\333\005\325\005\340\005\331\005\335\000\040\005\325\005\324\005\344\005\352\005\350\005\325\005\340\005\325\005\352}{section.12.2}% 11
\BOOKMARK [1][-]{section.12.3}{\376\377\000E\000U\000\040\000A\000I\000\040\000A\000c\000t\000\040\040\023\000\040\005\324\005\350\005\322\005\325\005\334\005\346\005\331\005\324\000\040\005\324\005\327\005\323\005\351\005\324}{chapter.12}% 12
\BOOKMARK [2][-]{subsection.12.3.1}{\376\377\005\324\005\336\005\324\005\344\005\333\005\324\000\040\005\324\005\350\005\322\005\325\005\334\005\330\005\325\005\350\005\331\005\352\000\040\005\351\005\334\000\040\005\320\005\331\005\350\005\325\005\344\005\324}{section.12.3}% 13
\BOOKMARK [2][-]{subsection.12.3.2}{\376\377\005\344\005\331\005\350\005\336\005\331\005\323\005\352\000\040\005\324\005\341\005\331\005\333\005\325\005\337\000\040\005\351\005\334\000\040\000E\000U\000\040\000A\000I\000\040\000A\000c\000t}{section.12.3}% 14
\BOOKMARK [2][-]{subsection.12.3.3}{\376\377\005\323\005\350\005\331\005\351\005\325\005\352\000\040\005\334\005\336\005\342\005\350\005\333\005\325\005\352\000\040\005\321\005\341\005\331\005\333\005\325\005\337\000\040\005\322\005\321\005\325\005\324}{section.12.3}% 15
\BOOKMARK [1][-]{section.12.4}{\376\377\005\324\005\330\005\331\005\325\005\352\000\040\005\325\005\324\005\325\005\322\005\340\005\325\005\352\000\040\040\023\000\040\005\333\005\351\005\324\000-\000A\000I\000\040\005\334\005\325\005\336\005\323\000\040\005\320\005\352\000\040\005\324\005\323\005\342\005\325\005\352\000\040\005\324\005\347\005\323\005\325\005\336\005\325\005\352\000\040\005\351\005\334\005\340\005\325}{chapter.12}% 16
\BOOKMARK [2][-]{subsection.12.4.1}{\376\377\005\336\005\324\005\331\000\040\005\324\005\330\005\331\005\324\000\040\005\321\000-\000A\000I\000?}{section.12.4}% 17
\BOOKMARK [2][-]{subsection.12.4.2}{\376\377\005\341\005\325\005\322\005\331\000\040\005\324\005\330\005\331\005\325\005\352\000\040\005\321\005\336\005\342\005\350\005\333\005\325\005\352\000\040\000A\000I}{section.12.4}% 18
\BOOKMARK [2][-]{subsection.12.4.3}{\376\377\005\326\005\331\005\324\005\325\005\331\000\040\005\325\005\336\005\340\005\331\005\342\005\352\000\040\005\324\005\330\005\331\005\325\005\352}{section.12.4}% 19
\BOOKMARK [1][-]{section.12.5}{\376\377\005\320\005\321\005\330\005\327\005\352\000\040\005\341\005\331\005\331\005\321\005\350\000\040\040\023\000\040\005\333\005\351\005\324\005\336\005\333\005\325\005\340\005\324\000\040\005\344\005\322\005\331\005\342\005\324}{chapter.12}% 20
\BOOKMARK [2][-]{subsection.12.5.1}{\376\377\005\340\005\325\005\343\000\040\005\324\005\320\005\331\005\325\005\336\005\331\005\335\000\040\005\324\005\327\005\323\005\351}{section.12.5}% 21
\BOOKMARK [2][-]{subsection.12.5.2}{\376\377\000P\000r\000o\000m\000p\000t\000\040\000I\000n\000j\000e\000c\000t\000i\000o\000n\000\040\040\023\000\040\005\324\005\324\005\352\005\347\005\344\005\324\000\040\005\324\005\340\005\344\005\325\005\346\005\324\000\040\005\321\005\331\005\325\005\352\005\350}{section.12.5}% 22
\BOOKMARK [2][-]{subsection.12.5.3}{\376\377\005\347\005\325\005\323\000:\000\040\005\321\005\323\005\331\005\347\005\352\000\040\005\327\005\341\005\331\005\340\005\325\005\352\000\040\005\334\000-\000P\000r\000o\000m\000p\000t\000\040\000I\000n\000j\000e\000c\000t\000i\000o\000n}{section.12.5}% 23
\BOOKMARK [2][-]{subsection.12.5.4}{\376\377\005\323\005\334\005\331\005\344\005\352\000\040\005\336\005\331\005\323\005\342\000\040\005\336\005\320\005\331\005\336\005\325\005\337}{section.12.5}% 24
\BOOKMARK [2][-]{subsection.12.5.5}{\376\377\000J\000a\000i\000l\000b\000r\000e\000a\000k\000i\000n\000g\000\040\040\023\000\040\005\344\005\350\005\331\005\346\005\352\000\040\005\324\005\322\005\340\005\325\005\352}{section.12.5}% 25
\BOOKMARK [1][-]{section.12.6}{\376\377\005\336\005\323\005\331\005\340\005\331\005\325\005\352\000\040\000A\000I\000\040\005\320\005\350\005\322\005\325\005\340\005\331\005\352\000\040\040\023\000\040\005\321\005\340\005\331\005\331\005\352\000\040\005\336\005\341\005\322\005\350\005\352\000\040\005\320\005\327\005\350\005\331\005\325\005\352}{chapter.12}% 26
\BOOKMARK [2][-]{subsection.12.6.1}{\376\377\005\334\005\336\005\324\000\040\005\346\005\350\005\331\005\332\000\040\005\336\005\323\005\331\005\340\005\331\005\325\005\352\000\040\000A\000I\000?}{section.12.6}% 27
\BOOKMARK [2][-]{subsection.12.6.2}{\376\377\005\336\005\350\005\333\005\331\005\321\005\331\000\040\005\336\005\323\005\331\005\340\005\331\005\325\005\352\000\040\000A\000I}{section.12.6}% 28
\BOOKMARK [2][-]{subsection.12.6.3}{\376\377\005\352\005\321\005\340\005\331\005\352\000:\000\040\000A\000c\000c\000e\000p\000t\000a\000b\000l\000e\000\040\000U\000s\000e\000\040\000P\000o\000l\000i\000c\000y\000\040\005\334\000-\000A\000I}{section.12.6}% 29
\BOOKMARK [1][-]{section.12.7}{\376\377\005\340\005\325\005\341\005\327\005\320\005\325\005\352\000\040\005\336\005\340\005\324\005\334\005\331\005\325\005\352}{chapter.12}% 30
\BOOKMARK [2][-]{subsection.12.7.1}{\376\377\005\346\005\331\005\325\005\337\000\040\005\341\005\331\005\333\005\325\005\337\000\040\000\050\000R\000i\000s\000k\000\040\000S\000c\000o\000r\000e\000\051}{section.12.7}% 31
\BOOKMARK [2][-]{subsection.12.7.2}{\376\377\005\342\005\334\005\325\005\352\000\040\005\346\005\331\005\325\005\352\000\040\000\050\000C\000o\000m\000p\000l\000i\000a\000n\000c\000e\000\040\000C\000o\000s\000t\000\051}{section.12.7}% 32
\BOOKMARK [2][-]{subsection.12.7.3}{\376\377\005\336\005\323\005\323\000\040\005\324\005\330\005\331\005\324\000\040\000\050\000F\000a\000i\000r\000n\000e\000s\000s\000\040\000M\000e\000t\000r\000i\000c\000s\000\051}{section.12.7}% 33
\BOOKMARK [1][-]{section.12.8}{\376\377\005\324\005\342\005\350\005\333\005\352\000\040\005\341\005\331\005\333\005\325\005\340\005\331\005\335\000\040\005\336\005\347\005\331\005\344\005\324}{chapter.12}% 34
\BOOKMARK [1][-]{section.12.9}{\376\377\005\323\005\325\005\322\005\336\005\320\005\325\005\352\000\040\005\336\005\342\005\351\005\331\005\325\005\352}{chapter.12}% 35
\BOOKMARK [2][-]{subsection.12.9.1}{\376\377\005\323\005\325\005\322\005\336\005\324\000\040\0001\000:\000\040\005\352\005\322\005\325\005\321\005\324\000\040\005\334\005\320\005\331\005\350\005\325\005\342\000\040\005\323\005\334\005\331\005\344\005\352\000\040\005\336\005\331\005\323\005\342}{section.12.9}% 36
\BOOKMARK [2][-]{subsection.12.9.2}{\376\377\005\323\005\325\005\322\005\336\005\324\000\040\0002\000:\000\040\005\321\005\331\005\347\005\325\005\350\005\352\000\040\000B\000i\000a\000s\000\040\005\334\005\336\005\325\005\323\005\334\000\040\005\320\005\351\005\350\005\320\005\331}{section.12.9}% 37
\BOOKMARK [1][-]{section.12.10}{\376\377\005\352\005\350\005\322\005\331\005\334\005\331\005\335}{chapter.12}% 38
\BOOKMARK [2][-]{subsection.12.10.1}{\376\377\005\352\005\350\005\322\005\331\005\334\005\331\005\335\000\040\005\352\005\331\005\320\005\325\005\350\005\330\005\331\005\331\005\335}{section.12.10}% 39
\BOOKMARK [2][-]{subsection.12.10.2}{\376\377\005\352\005\350\005\322\005\331\005\334\005\331\000\040\005\347\005\325\005\323}{section.12.10}% 40
\BOOKMARK [1][-]{Item.61}{\376\377\005\341\005\331\005\333\005\325\005\335}{chapter.12}% 41
